CRITICAL - 2022-11-13 04:04:44 --> Class 'APP\Models\Model' not found
#0 C:\xampp\htdocs\project-restoran-ci4\system\Autoloader\Autoloader.php(365): require_once()
#1 C:\xampp\htdocs\project-restoran-ci4\system\Autoloader\Autoloader.php(296): CodeIgniter\Autoloader\Autoloader->requireFile('C:\\xampp\\htdocs...')
#2 C:\xampp\htdocs\project-restoran-ci4\system\Autoloader\Autoloader.php(258): CodeIgniter\Autoloader\Autoloader->loadInNamespace('App\\Models\\Kate...')
#3 [internal function]: CodeIgniter\Autoloader\Autoloader->loadClass('App\\Models\\Kate...')
#4 C:\xampp\htdocs\project-restoran-ci4\app\Controllers\Admin\Kategori.php(15): spl_autoload_call('App\\Models\\Kate...')
#5 C:\xampp\htdocs\project-restoran-ci4\system\CodeIgniter.php(914): App\Controllers\Admin\Kategori->select()
#6 C:\xampp\htdocs\project-restoran-ci4\system\CodeIgniter.php(400): CodeIgniter\CodeIgniter->runController(Object(App\Controllers\Admin\Kategori))
#7 C:\xampp\htdocs\project-restoran-ci4\system\CodeIgniter.php(308): CodeIgniter\CodeIgniter->handleRequest(NULL, Object(Config\Cache), false)
#8 C:\xampp\htdocs\project-restoran-ci4\public\index.php(45): CodeIgniter\CodeIgniter->run()
#9 C:\xampp\htdocs\project-restoran-ci4\system\Commands\Server\rewrite.php(34): require_once('C:\\xampp\\htdocs...')
#10 {main}
CRITICAL - 2022-11-13 04:08:00 --> Array to string conversion
#0 C:\xampp\htdocs\project-restoran-ci4\app\Views\kategori\select.php(7): CodeIgniter\Debug\Exceptions->errorHandler(8, 'Array to string...', 'C:\\xampp\\htdocs...', 7, Array)
#1 C:\xampp\htdocs\project-restoran-ci4\system\View\View.php(246): include('C:\\xampp\\htdocs...')
#2 C:\xampp\htdocs\project-restoran-ci4\system\Common.php(1087): CodeIgniter\View\View->render('kategori/select', Array, true)
#3 C:\xampp\htdocs\project-restoran-ci4\app\Controllers\Admin\Kategori.php(26): view('kategori/select', Array)
#4 C:\xampp\htdocs\project-restoran-ci4\system\CodeIgniter.php(914): App\Controllers\Admin\Kategori->select()
#5 C:\xampp\htdocs\project-restoran-ci4\system\CodeIgniter.php(400): CodeIgniter\CodeIgniter->runController(Object(App\Controllers\Admin\Kategori))
#6 C:\xampp\htdocs\project-restoran-ci4\system\CodeIgniter.php(308): CodeIgniter\CodeIgniter->handleRequest(NULL, Object(Config\Cache), false)
#7 C:\xampp\htdocs\project-restoran-ci4\public\index.php(45): CodeIgniter\CodeIgniter->run()
#8 C:\xampp\htdocs\project-restoran-ci4\system\Commands\Server\rewrite.php(34): require_once('C:\\xampp\\htdocs...')
#9 {main}
