CRITICAL - 2022-11-12 01:30:18 --> Invalid file: {0}
#0 C:\xampp\htdocs\project-restoran-ci4\system\View\View.php(228): CodeIgniter\Exceptions\FrameworkException::forInvalidFile('kategori/foromI...')
#1 C:\xampp\htdocs\project-restoran-ci4\system\Common.php(1087): CodeIgniter\View\View->render('kategori/foromI...', Array, true)
#2 C:\xampp\htdocs\project-restoran-ci4\app\Controllers\Admin\Kategori.php(28): view('kategori/foromI...')
#3 C:\xampp\htdocs\project-restoran-ci4\system\CodeIgniter.php(914): App\Controllers\Admin\Kategori->formInsert()
#4 C:\xampp\htdocs\project-restoran-ci4\system\CodeIgniter.php(400): CodeIgniter\CodeIgniter->runController(Object(App\Controllers\Admin\Kategori))
#5 C:\xampp\htdocs\project-restoran-ci4\system\CodeIgniter.php(308): CodeIgniter\CodeIgniter->handleRequest(NULL, Object(Config\Cache), false)
#6 C:\xampp\htdocs\project-restoran-ci4\public\index.php(45): CodeIgniter\CodeIgniter->run()
#7 C:\xampp\htdocs\project-restoran-ci4\system\Commands\Server\rewrite.php(34): require_once('C:\\xampp\\htdocs...')
#8 {main}
CRITICAL - 2022-11-12 02:50:41 --> Undefined variable: title
#0 C:\xampp\htdocs\project-restoran-ci4\app\Views\layout\header.php(8): CodeIgniter\Debug\Exceptions->errorHandler(8, 'Undefined varia...', 'C:\\xampp\\htdocs...', 8, Array)
#1 C:\xampp\htdocs\project-restoran-ci4\system\View\View.php(246): include('C:\\xampp\\htdocs...')
#2 C:\xampp\htdocs\project-restoran-ci4\system\Common.php(1087): CodeIgniter\View\View->render('layout/header', Array, true)
#3 C:\xampp\htdocs\project-restoran-ci4\app\Controllers\Admin\Kategori.php(37): view('layout/header')
#4 C:\xampp\htdocs\project-restoran-ci4\system\CodeIgniter.php(914): App\Controllers\Admin\Kategori->formInsert()
#5 C:\xampp\htdocs\project-restoran-ci4\system\CodeIgniter.php(400): CodeIgniter\CodeIgniter->runController(Object(App\Controllers\Admin\Kategori))
#6 C:\xampp\htdocs\project-restoran-ci4\system\CodeIgniter.php(308): CodeIgniter\CodeIgniter->handleRequest(NULL, Object(Config\Cache), false)
#7 C:\xampp\htdocs\project-restoran-ci4\public\index.php(45): CodeIgniter\CodeIgniter->run()
#8 C:\xampp\htdocs\project-restoran-ci4\system\Commands\Server\rewrite.php(34): require_once('C:\\xampp\\htdocs...')
#9 {main}
CRITICAL - 2022-11-12 03:05:17 --> syntax error, unexpected ''id'' (T_CONSTANT_ENCAPSED_STRING), expecting ']'
#0 C:\xampp\htdocs\project-restoran-ci4\system\Autoloader\Autoloader.php(296): CodeIgniter\Autoloader\Autoloader->requireFile('C:\\xampp\\htdocs...')
#1 C:\xampp\htdocs\project-restoran-ci4\system\Autoloader\Autoloader.php(258): CodeIgniter\Autoloader\Autoloader->loadInNamespace('App\\Controllers...')
#2 [internal function]: CodeIgniter\Autoloader\Autoloader->loadClass('App\\Controllers...')
#3 [internal function]: spl_autoload_call('App\\Controllers...')
#4 C:\xampp\htdocs\project-restoran-ci4\system\CodeIgniter.php(865): class_exists('\\App\\Controller...', true)
#5 C:\xampp\htdocs\project-restoran-ci4\system\CodeIgniter.php(390): CodeIgniter\CodeIgniter->startController()
#6 C:\xampp\htdocs\project-restoran-ci4\system\CodeIgniter.php(308): CodeIgniter\CodeIgniter->handleRequest(NULL, Object(Config\Cache), false)
#7 C:\xampp\htdocs\project-restoran-ci4\public\index.php(45): CodeIgniter\CodeIgniter->run()
#8 C:\xampp\htdocs\project-restoran-ci4\system\Commands\Server\rewrite.php(34): require_once('C:\\xampp\\htdocs...')
#9 {main}
CRITICAL - 2022-11-12 03:22:30 --> Call to undefined function section()
#0 C:\xampp\htdocs\project-restoran-ci4\system\View\View.php(246): include()
#1 C:\xampp\htdocs\project-restoran-ci4\system\Common.php(1087): CodeIgniter\View\View->render('kategori/formIn...', Array, true)
#2 C:\xampp\htdocs\project-restoran-ci4\app\Controllers\Admin\Kategori.php(35): view('kategori/formIn...', Array)
#3 C:\xampp\htdocs\project-restoran-ci4\system\CodeIgniter.php(914): App\Controllers\Admin\Kategori->formInsert()
#4 C:\xampp\htdocs\project-restoran-ci4\system\CodeIgniter.php(400): CodeIgniter\CodeIgniter->runController(Object(App\Controllers\Admin\Kategori))
#5 C:\xampp\htdocs\project-restoran-ci4\system\CodeIgniter.php(308): CodeIgniter\CodeIgniter->handleRequest(NULL, Object(Config\Cache), false)
#6 C:\xampp\htdocs\project-restoran-ci4\public\index.php(45): CodeIgniter\CodeIgniter->run()
#7 C:\xampp\htdocs\project-restoran-ci4\system\Commands\Server\rewrite.php(34): require_once('C:\\xampp\\htdocs...')
#8 {main}
