CRITICAL - 2022-12-05 05:19:49 --> Undefined variable: idkategori
#0 C:\xampp\htdocs\project-restoran-ci4\revisi11-video24\app\Views\layout\option.php(17): CodeIgniter\Debug\Exceptions->errorHandler(8, 'Undefined varia...', 'C:\\xampp\\htdocs...', 17, Array)
#1 C:\xampp\htdocs\project-restoran-ci4\revisi11-video24\system\View\View.php(246): include('C:\\xampp\\htdocs...')
#2 C:\xampp\htdocs\project-restoran-ci4\revisi11-video24\system\Common.php(1087): CodeIgniter\View\View->render('layout/option', Array, true)
#3 C:\xampp\htdocs\project-restoran-ci4\revisi11-video24\app\Controllers\Admin\Menu.php(80): view('layout/option', Array)
#4 C:\xampp\htdocs\project-restoran-ci4\revisi11-video24\system\View\Cell.php(149): App\Controllers\Admin\Menu->option()
#5 C:\xampp\htdocs\project-restoran-ci4\revisi11-video24\system\Common.php(1108): CodeIgniter\View\Cell->render('\\App\\Controller...', NULL, 0, 'AppControllersA...')
#6 C:\xampp\htdocs\project-restoran-ci4\revisi11-video24\app\Views\menu\form_upload.php(6): view_cell('\\App\\Controller...')
#7 C:\xampp\htdocs\project-restoran-ci4\revisi11-video24\system\View\View.php(246): include('C:\\xampp\\htdocs...')
#8 C:\xampp\htdocs\project-restoran-ci4\revisi11-video24\system\Common.php(1087): CodeIgniter\View\View->render('menu/form_uploa...', Array, true)
#9 C:\xampp\htdocs\project-restoran-ci4\revisi11-video24\app\Controllers\Admin\Menu.php(51): view('menu/form_uploa...', Array)
#10 C:\xampp\htdocs\project-restoran-ci4\revisi11-video24\system\CodeIgniter.php(914): App\Controllers\Admin\Menu->form_upload()
#11 C:\xampp\htdocs\project-restoran-ci4\revisi11-video24\system\CodeIgniter.php(400): CodeIgniter\CodeIgniter->runController(Object(App\Controllers\Admin\Menu))
#12 C:\xampp\htdocs\project-restoran-ci4\revisi11-video24\system\CodeIgniter.php(308): CodeIgniter\CodeIgniter->handleRequest(NULL, Object(Config\Cache), false)
#13 C:\xampp\htdocs\project-restoran-ci4\revisi11-video24\public\index.php(45): CodeIgniter\CodeIgniter->run()
#14 C:\xampp\htdocs\project-restoran-ci4\revisi11-video24\system\Commands\Server\rewrite.php(34): require_once('C:\\xampp\\htdocs...')
#15 {main}
CRITICAL - 2022-12-05 05:20:33 --> Undefined variable: idkategori
#0 C:\xampp\htdocs\project-restoran-ci4\revisi11-video24\app\Views\layout\option.php(17): CodeIgniter\Debug\Exceptions->errorHandler(8, 'Undefined varia...', 'C:\\xampp\\htdocs...', 17, Array)
#1 C:\xampp\htdocs\project-restoran-ci4\revisi11-video24\system\View\View.php(246): include('C:\\xampp\\htdocs...')
#2 C:\xampp\htdocs\project-restoran-ci4\revisi11-video24\system\Common.php(1087): CodeIgniter\View\View->render('layout/option', Array, true)
#3 C:\xampp\htdocs\project-restoran-ci4\revisi11-video24\app\Controllers\Admin\Menu.php(80): view('layout/option', Array)
#4 C:\xampp\htdocs\project-restoran-ci4\revisi11-video24\system\View\Cell.php(149): App\Controllers\Admin\Menu->option()
#5 C:\xampp\htdocs\project-restoran-ci4\revisi11-video24\system\Common.php(1108): CodeIgniter\View\Cell->render('\\App\\Controller...', NULL, 0, 'AppControllersA...')
#6 C:\xampp\htdocs\project-restoran-ci4\revisi11-video24\app\Views\menu\form_upload.php(6): view_cell('\\App\\Controller...')
#7 C:\xampp\htdocs\project-restoran-ci4\revisi11-video24\system\View\View.php(246): include('C:\\xampp\\htdocs...')
#8 C:\xampp\htdocs\project-restoran-ci4\revisi11-video24\system\Common.php(1087): CodeIgniter\View\View->render('menu/form_uploa...', Array, true)
#9 C:\xampp\htdocs\project-restoran-ci4\revisi11-video24\app\Controllers\Admin\Menu.php(51): view('menu/form_uploa...', Array)
#10 C:\xampp\htdocs\project-restoran-ci4\revisi11-video24\system\CodeIgniter.php(914): App\Controllers\Admin\Menu->form_upload()
#11 C:\xampp\htdocs\project-restoran-ci4\revisi11-video24\system\CodeIgniter.php(400): CodeIgniter\CodeIgniter->runController(Object(App\Controllers\Admin\Menu))
#12 C:\xampp\htdocs\project-restoran-ci4\revisi11-video24\system\CodeIgniter.php(308): CodeIgniter\CodeIgniter->handleRequest(NULL, Object(Config\Cache), false)
#13 C:\xampp\htdocs\project-restoran-ci4\revisi11-video24\public\index.php(45): CodeIgniter\CodeIgniter->run()
#14 C:\xampp\htdocs\project-restoran-ci4\revisi11-video24\system\Commands\Server\rewrite.php(34): require_once('C:\\xampp\\htdocs...')
#15 {main}
CRITICAL - 2022-12-05 05:22:44 --> Undefined variable: idkategori
#0 C:\xampp\htdocs\project-restoran-ci4\revisi11-video24\app\Views\layout\option.php(11): CodeIgniter\Debug\Exceptions->errorHandler(8, 'Undefined varia...', 'C:\\xampp\\htdocs...', 11, Array)
#1 C:\xampp\htdocs\project-restoran-ci4\revisi11-video24\system\View\View.php(246): include('C:\\xampp\\htdocs...')
#2 C:\xampp\htdocs\project-restoran-ci4\revisi11-video24\system\Common.php(1087): CodeIgniter\View\View->render('layout/option', Array, true)
#3 C:\xampp\htdocs\project-restoran-ci4\revisi11-video24\app\Controllers\Admin\Menu.php(79): view('layout/option', Array)
#4 C:\xampp\htdocs\project-restoran-ci4\revisi11-video24\system\View\Cell.php(149): App\Controllers\Admin\Menu->option()
#5 C:\xampp\htdocs\project-restoran-ci4\revisi11-video24\system\Common.php(1108): CodeIgniter\View\Cell->render('\\App\\Controller...', NULL, 0, 'AppControllersA...')
#6 C:\xampp\htdocs\project-restoran-ci4\revisi11-video24\app\Views\menu\form_upload.php(6): view_cell('\\App\\Controller...')
#7 C:\xampp\htdocs\project-restoran-ci4\revisi11-video24\system\View\View.php(246): include('C:\\xampp\\htdocs...')
#8 C:\xampp\htdocs\project-restoran-ci4\revisi11-video24\system\Common.php(1087): CodeIgniter\View\View->render('menu/form_uploa...', Array, true)
#9 C:\xampp\htdocs\project-restoran-ci4\revisi11-video24\app\Controllers\Admin\Menu.php(51): view('menu/form_uploa...', Array)
#10 C:\xampp\htdocs\project-restoran-ci4\revisi11-video24\system\CodeIgniter.php(914): App\Controllers\Admin\Menu->form_upload()
#11 C:\xampp\htdocs\project-restoran-ci4\revisi11-video24\system\CodeIgniter.php(400): CodeIgniter\CodeIgniter->runController(Object(App\Controllers\Admin\Menu))
#12 C:\xampp\htdocs\project-restoran-ci4\revisi11-video24\system\CodeIgniter.php(308): CodeIgniter\CodeIgniter->handleRequest(NULL, Object(Config\Cache), false)
#13 C:\xampp\htdocs\project-restoran-ci4\revisi11-video24\public\index.php(45): CodeIgniter\CodeIgniter->run()
#14 C:\xampp\htdocs\project-restoran-ci4\revisi11-video24\system\Commands\Server\rewrite.php(34): require_once('C:\\xampp\\htdocs...')
#15 {main}
CRITICAL - 2022-12-05 05:22:55 --> Undefined variable: idkategori
#0 C:\xampp\htdocs\project-restoran-ci4\revisi11-video24\app\Views\layout\option.php(11): CodeIgniter\Debug\Exceptions->errorHandler(8, 'Undefined varia...', 'C:\\xampp\\htdocs...', 11, Array)
#1 C:\xampp\htdocs\project-restoran-ci4\revisi11-video24\system\View\View.php(246): include('C:\\xampp\\htdocs...')
#2 C:\xampp\htdocs\project-restoran-ci4\revisi11-video24\system\Common.php(1087): CodeIgniter\View\View->render('layout/option', Array, true)
#3 C:\xampp\htdocs\project-restoran-ci4\revisi11-video24\app\Controllers\Admin\Menu.php(79): view('layout/option', Array)
#4 C:\xampp\htdocs\project-restoran-ci4\revisi11-video24\system\View\Cell.php(149): App\Controllers\Admin\Menu->option()
#5 C:\xampp\htdocs\project-restoran-ci4\revisi11-video24\system\Common.php(1108): CodeIgniter\View\Cell->render('\\App\\Controller...', NULL, 0, 'AppControllersA...')
#6 C:\xampp\htdocs\project-restoran-ci4\revisi11-video24\app\Views\menu\form_upload.php(6): view_cell('\\App\\Controller...')
#7 C:\xampp\htdocs\project-restoran-ci4\revisi11-video24\system\View\View.php(246): include('C:\\xampp\\htdocs...')
#8 C:\xampp\htdocs\project-restoran-ci4\revisi11-video24\system\Common.php(1087): CodeIgniter\View\View->render('menu/form_uploa...', Array, true)
#9 C:\xampp\htdocs\project-restoran-ci4\revisi11-video24\app\Controllers\Admin\Menu.php(51): view('menu/form_uploa...', Array)
#10 C:\xampp\htdocs\project-restoran-ci4\revisi11-video24\system\CodeIgniter.php(914): App\Controllers\Admin\Menu->form_upload()
#11 C:\xampp\htdocs\project-restoran-ci4\revisi11-video24\system\CodeIgniter.php(400): CodeIgniter\CodeIgniter->runController(Object(App\Controllers\Admin\Menu))
#12 C:\xampp\htdocs\project-restoran-ci4\revisi11-video24\system\CodeIgniter.php(308): CodeIgniter\CodeIgniter->handleRequest(NULL, Object(Config\Cache), false)
#13 C:\xampp\htdocs\project-restoran-ci4\revisi11-video24\public\index.php(45): CodeIgniter\CodeIgniter->run()
#14 C:\xampp\htdocs\project-restoran-ci4\revisi11-video24\system\Commands\Server\rewrite.php(34): require_once('C:\\xampp\\htdocs...')
#15 {main}
CRITICAL - 2022-12-05 05:23:44 --> Undefined variable: idkategori
#0 C:\xampp\htdocs\project-restoran-ci4\revisi11-video24\app\Views\layout\option.php(11): CodeIgniter\Debug\Exceptions->errorHandler(8, 'Undefined varia...', 'C:\\xampp\\htdocs...', 11, Array)
#1 C:\xampp\htdocs\project-restoran-ci4\revisi11-video24\system\View\View.php(246): include('C:\\xampp\\htdocs...')
#2 C:\xampp\htdocs\project-restoran-ci4\revisi11-video24\system\Common.php(1087): CodeIgniter\View\View->render('layout/option', Array, true)
#3 C:\xampp\htdocs\project-restoran-ci4\revisi11-video24\app\Controllers\Admin\Menu.php(79): view('layout/option', Array)
#4 C:\xampp\htdocs\project-restoran-ci4\revisi11-video24\system\View\Cell.php(149): App\Controllers\Admin\Menu->option()
#5 C:\xampp\htdocs\project-restoran-ci4\revisi11-video24\system\Common.php(1108): CodeIgniter\View\Cell->render('\\App\\Controller...', NULL, 0, 'AppControllersA...')
#6 C:\xampp\htdocs\project-restoran-ci4\revisi11-video24\app\Views\menu\form_upload.php(6): view_cell('\\App\\Controller...')
#7 C:\xampp\htdocs\project-restoran-ci4\revisi11-video24\system\View\View.php(246): include('C:\\xampp\\htdocs...')
#8 C:\xampp\htdocs\project-restoran-ci4\revisi11-video24\system\Common.php(1087): CodeIgniter\View\View->render('menu/form_uploa...', Array, true)
#9 C:\xampp\htdocs\project-restoran-ci4\revisi11-video24\app\Controllers\Admin\Menu.php(51): view('menu/form_uploa...', Array)
#10 C:\xampp\htdocs\project-restoran-ci4\revisi11-video24\system\CodeIgniter.php(914): App\Controllers\Admin\Menu->form_upload()
#11 C:\xampp\htdocs\project-restoran-ci4\revisi11-video24\system\CodeIgniter.php(400): CodeIgniter\CodeIgniter->runController(Object(App\Controllers\Admin\Menu))
#12 C:\xampp\htdocs\project-restoran-ci4\revisi11-video24\system\CodeIgniter.php(308): CodeIgniter\CodeIgniter->handleRequest(NULL, Object(Config\Cache), false)
#13 C:\xampp\htdocs\project-restoran-ci4\revisi11-video24\public\index.php(45): CodeIgniter\CodeIgniter->run()
#14 C:\xampp\htdocs\project-restoran-ci4\revisi11-video24\system\Commands\Server\rewrite.php(34): require_once('C:\\xampp\\htdocs...')
#15 {main}
CRITICAL - 2022-12-05 05:59:48 --> Undefined variable: idkategori
#0 C:\xampp\htdocs\project-restoran-ci4\revisi11-video24\app\Views\menu\select.php(15): CodeIgniter\Debug\Exceptions->errorHandler(8, 'Undefined varia...', 'C:\\xampp\\htdocs...', 15, Array)
#1 C:\xampp\htdocs\project-restoran-ci4\revisi11-video24\system\View\View.php(246): include('C:\\xampp\\htdocs...')
#2 C:\xampp\htdocs\project-restoran-ci4\revisi11-video24\system\Common.php(1087): CodeIgniter\View\View->render('menu/select', Array, true)
#3 C:\xampp\htdocs\project-restoran-ci4\revisi11-video24\app\Controllers\Admin\Menu.php(29): view('menu/select', Array)
#4 C:\xampp\htdocs\project-restoran-ci4\revisi11-video24\system\CodeIgniter.php(914): App\Controllers\Admin\Menu->index()
#5 C:\xampp\htdocs\project-restoran-ci4\revisi11-video24\system\CodeIgniter.php(400): CodeIgniter\CodeIgniter->runController(Object(App\Controllers\Admin\Menu))
#6 C:\xampp\htdocs\project-restoran-ci4\revisi11-video24\system\CodeIgniter.php(308): CodeIgniter\CodeIgniter->handleRequest(NULL, Object(Config\Cache), false)
#7 C:\xampp\htdocs\project-restoran-ci4\revisi11-video24\public\index.php(45): CodeIgniter\CodeIgniter->run()
#8 C:\xampp\htdocs\project-restoran-ci4\revisi11-video24\system\Commands\Server\rewrite.php(34): require_once('C:\\xampp\\htdocs...')
#9 {main}
CRITICAL - 2022-12-05 06:04:55 --> Undefined variable: menu
#0 C:\xampp\htdocs\project-restoran-ci4\revisi11-video24\app\Views\menu\select.php(40): CodeIgniter\Debug\Exceptions->errorHandler(8, 'Undefined varia...', 'C:\\xampp\\htdocs...', 40, Array)
#1 C:\xampp\htdocs\project-restoran-ci4\revisi11-video24\system\View\View.php(246): include('C:\\xampp\\htdocs...')
#2 C:\xampp\htdocs\project-restoran-ci4\revisi11-video24\system\Common.php(1087): CodeIgniter\View\View->render('menu/select', Array, true)
#3 C:\xampp\htdocs\project-restoran-ci4\revisi11-video24\app\Controllers\Admin\Menu.php(38): view('menu/select', Array)
#4 C:\xampp\htdocs\project-restoran-ci4\revisi11-video24\system\CodeIgniter.php(914): App\Controllers\Admin\Menu->select()
#5 C:\xampp\htdocs\project-restoran-ci4\revisi11-video24\system\CodeIgniter.php(400): CodeIgniter\CodeIgniter->runController(Object(App\Controllers\Admin\Menu))
#6 C:\xampp\htdocs\project-restoran-ci4\revisi11-video24\system\CodeIgniter.php(308): CodeIgniter\CodeIgniter->handleRequest(NULL, Object(Config\Cache), false)
#7 C:\xampp\htdocs\project-restoran-ci4\revisi11-video24\public\index.php(45): CodeIgniter\CodeIgniter->run()
#8 C:\xampp\htdocs\project-restoran-ci4\revisi11-video24\system\Commands\Server\rewrite.php(34): require_once('C:\\xampp\\htdocs...')
#9 {main}
CRITICAL - 2022-12-05 06:45:48 --> Undefined index: idkategori
#0 C:\xampp\htdocs\project-restoran-ci4\revisi11-video24\app\Controllers\Admin\Menu.php(34): CodeIgniter\Debug\Exceptions->errorHandler(8, 'Undefined index...', 'C:\\xampp\\htdocs...', 34, Array)
#1 C:\xampp\htdocs\project-restoran-ci4\revisi11-video24\system\CodeIgniter.php(914): App\Controllers\Admin\Menu->select()
#2 C:\xampp\htdocs\project-restoran-ci4\revisi11-video24\system\CodeIgniter.php(400): CodeIgniter\CodeIgniter->runController(Object(App\Controllers\Admin\Menu))
#3 C:\xampp\htdocs\project-restoran-ci4\revisi11-video24\system\CodeIgniter.php(308): CodeIgniter\CodeIgniter->handleRequest(NULL, Object(Config\Cache), false)
#4 C:\xampp\htdocs\project-restoran-ci4\revisi11-video24\public\index.php(45): CodeIgniter\CodeIgniter->run()
#5 C:\xampp\htdocs\project-restoran-ci4\revisi11-video24\system\Commands\Server\rewrite.php(34): require_once('C:\\xampp\\htdocs...')
#6 {main}
CRITICAL - 2022-12-05 06:56:34 --> Undefined variable: pager
#0 C:\xampp\htdocs\project-restoran-ci4\revisi11-video24\app\Views\menu\select.php(64): CodeIgniter\Debug\Exceptions->errorHandler(8, 'Undefined varia...', 'C:\\xampp\\htdocs...', 64, Array)
#1 C:\xampp\htdocs\project-restoran-ci4\revisi11-video24\system\View\View.php(246): include('C:\\xampp\\htdocs...')
#2 C:\xampp\htdocs\project-restoran-ci4\revisi11-video24\system\Common.php(1087): CodeIgniter\View\View->render('menu/select', Array, true)
#3 C:\xampp\htdocs\project-restoran-ci4\revisi11-video24\app\Controllers\Admin\Menu.php(48): view('menu/select', Array)
#4 C:\xampp\htdocs\project-restoran-ci4\revisi11-video24\system\CodeIgniter.php(914): App\Controllers\Admin\Menu->select()
#5 C:\xampp\htdocs\project-restoran-ci4\revisi11-video24\system\CodeIgniter.php(400): CodeIgniter\CodeIgniter->runController(Object(App\Controllers\Admin\Menu))
#6 C:\xampp\htdocs\project-restoran-ci4\revisi11-video24\system\CodeIgniter.php(308): CodeIgniter\CodeIgniter->handleRequest(NULL, Object(Config\Cache), false)
#7 C:\xampp\htdocs\project-restoran-ci4\revisi11-video24\public\index.php(45): CodeIgniter\CodeIgniter->run()
#8 C:\xampp\htdocs\project-restoran-ci4\revisi11-video24\system\Commands\Server\rewrite.php(34): require_once('C:\\xampp\\htdocs...')
#9 {main}
CRITICAL - 2022-12-05 06:57:03 --> Call to a member function paginate() on array
#0 C:\xampp\htdocs\project-restoran-ci4\revisi11-video24\system\CodeIgniter.php(914): App\Controllers\Admin\Menu->select()
#1 C:\xampp\htdocs\project-restoran-ci4\revisi11-video24\system\CodeIgniter.php(400): CodeIgniter\CodeIgniter->runController(Object(App\Controllers\Admin\Menu))
#2 C:\xampp\htdocs\project-restoran-ci4\revisi11-video24\system\CodeIgniter.php(308): CodeIgniter\CodeIgniter->handleRequest(NULL, Object(Config\Cache), false)
#3 C:\xampp\htdocs\project-restoran-ci4\revisi11-video24\public\index.php(45): CodeIgniter\CodeIgniter->run()
#4 C:\xampp\htdocs\project-restoran-ci4\revisi11-video24\system\Commands\Server\rewrite.php(34): require_once('C:\\xampp\\htdocs...')
#5 {main}
CRITICAL - 2022-12-05 06:57:29 --> Call to a member function paginate() on array
#0 C:\xampp\htdocs\project-restoran-ci4\revisi11-video24\system\CodeIgniter.php(914): App\Controllers\Admin\Menu->select()
#1 C:\xampp\htdocs\project-restoran-ci4\revisi11-video24\system\CodeIgniter.php(400): CodeIgniter\CodeIgniter->runController(Object(App\Controllers\Admin\Menu))
#2 C:\xampp\htdocs\project-restoran-ci4\revisi11-video24\system\CodeIgniter.php(308): CodeIgniter\CodeIgniter->handleRequest(NULL, Object(Config\Cache), false)
#3 C:\xampp\htdocs\project-restoran-ci4\revisi11-video24\public\index.php(45): CodeIgniter\CodeIgniter->run()
#4 C:\xampp\htdocs\project-restoran-ci4\revisi11-video24\system\Commands\Server\rewrite.php(34): require_once('C:\\xampp\\htdocs...')
#5 {main}
CRITICAL - 2022-12-05 06:58:14 --> Call to a member function paginate() on array
#0 C:\xampp\htdocs\project-restoran-ci4\revisi11-video24\system\CodeIgniter.php(914): App\Controllers\Admin\Menu->select()
#1 C:\xampp\htdocs\project-restoran-ci4\revisi11-video24\system\CodeIgniter.php(400): CodeIgniter\CodeIgniter->runController(Object(App\Controllers\Admin\Menu))
#2 C:\xampp\htdocs\project-restoran-ci4\revisi11-video24\system\CodeIgniter.php(308): CodeIgniter\CodeIgniter->handleRequest(NULL, Object(Config\Cache), false)
#3 C:\xampp\htdocs\project-restoran-ci4\revisi11-video24\public\index.php(45): CodeIgniter\CodeIgniter->run()
#4 C:\xampp\htdocs\project-restoran-ci4\revisi11-video24\system\Commands\Server\rewrite.php(34): require_once('C:\\xampp\\htdocs...')
#5 {main}
CRITICAL - 2022-12-05 06:59:13 --> Call to a member function paginate() on array
#0 C:\xampp\htdocs\project-restoran-ci4\revisi11-video24\system\CodeIgniter.php(914): App\Controllers\Admin\Menu->select()
#1 C:\xampp\htdocs\project-restoran-ci4\revisi11-video24\system\CodeIgniter.php(400): CodeIgniter\CodeIgniter->runController(Object(App\Controllers\Admin\Menu))
#2 C:\xampp\htdocs\project-restoran-ci4\revisi11-video24\system\CodeIgniter.php(308): CodeIgniter\CodeIgniter->handleRequest(NULL, Object(Config\Cache), false)
#3 C:\xampp\htdocs\project-restoran-ci4\revisi11-video24\public\index.php(45): CodeIgniter\CodeIgniter->run()
#4 C:\xampp\htdocs\project-restoran-ci4\revisi11-video24\system\Commands\Server\rewrite.php(34): require_once('C:\\xampp\\htdocs...')
#5 {main}
CRITICAL - 2022-12-05 07:00:19 --> Call to a member function paginate() on array
#0 C:\xampp\htdocs\project-restoran-ci4\revisi11-video24\system\CodeIgniter.php(914): App\Controllers\Admin\Menu->select()
#1 C:\xampp\htdocs\project-restoran-ci4\revisi11-video24\system\CodeIgniter.php(400): CodeIgniter\CodeIgniter->runController(Object(App\Controllers\Admin\Menu))
#2 C:\xampp\htdocs\project-restoran-ci4\revisi11-video24\system\CodeIgniter.php(308): CodeIgniter\CodeIgniter->handleRequest(NULL, Object(Config\Cache), false)
#3 C:\xampp\htdocs\project-restoran-ci4\revisi11-video24\public\index.php(45): CodeIgniter\CodeIgniter->run()
#4 C:\xampp\htdocs\project-restoran-ci4\revisi11-video24\system\Commands\Server\rewrite.php(34): require_once('C:\\xampp\\htdocs...')
#5 {main}
CRITICAL - 2022-12-05 07:04:05 --> Undefined variable: idkategori
#0 C:\xampp\htdocs\project-restoran-ci4\revisi11-video24\app\Views\layout\option.php(8): CodeIgniter\Debug\Exceptions->errorHandler(8, 'Undefined varia...', 'C:\\xampp\\htdocs...', 8, Array)
#1 C:\xampp\htdocs\project-restoran-ci4\revisi11-video24\system\View\View.php(246): include('C:\\xampp\\htdocs...')
#2 C:\xampp\htdocs\project-restoran-ci4\revisi11-video24\system\Common.php(1087): CodeIgniter\View\View->render('layout/option', Array, true)
#3 C:\xampp\htdocs\project-restoran-ci4\revisi11-video24\app\Controllers\Admin\Menu.php(95): view('layout/option', Array)
#4 C:\xampp\htdocs\project-restoran-ci4\revisi11-video24\system\View\Cell.php(149): App\Controllers\Admin\Menu->option()
#5 C:\xampp\htdocs\project-restoran-ci4\revisi11-video24\system\Common.php(1108): CodeIgniter\View\Cell->render('\\App\\Controller...', NULL, 0, 'AppControllersA...')
#6 C:\xampp\htdocs\project-restoran-ci4\revisi11-video24\app\Views\menu\select.php(23): view_cell('\\App\\Controller...')
#7 C:\xampp\htdocs\project-restoran-ci4\revisi11-video24\system\View\View.php(246): include('C:\\xampp\\htdocs...')
#8 C:\xampp\htdocs\project-restoran-ci4\revisi11-video24\system\Common.php(1087): CodeIgniter\View\View->render('menu/select', Array, true)
#9 C:\xampp\htdocs\project-restoran-ci4\revisi11-video24\app\Controllers\Admin\Menu.php(29): view('menu/select', Array)
#10 C:\xampp\htdocs\project-restoran-ci4\revisi11-video24\system\CodeIgniter.php(914): App\Controllers\Admin\Menu->index()
#11 C:\xampp\htdocs\project-restoran-ci4\revisi11-video24\system\CodeIgniter.php(400): CodeIgniter\CodeIgniter->runController(Object(App\Controllers\Admin\Menu))
#12 C:\xampp\htdocs\project-restoran-ci4\revisi11-video24\system\CodeIgniter.php(308): CodeIgniter\CodeIgniter->handleRequest(NULL, Object(Config\Cache), false)
#13 C:\xampp\htdocs\project-restoran-ci4\revisi11-video24\public\index.php(45): CodeIgniter\CodeIgniter->run()
#14 C:\xampp\htdocs\project-restoran-ci4\revisi11-video24\system\Commands\Server\rewrite.php(34): require_once('C:\\xampp\\htdocs...')
#15 {main}
CRITICAL - 2022-12-05 07:08:08 --> Undefined index: idkategori
#0 C:\xampp\htdocs\project-restoran-ci4\revisi11-video24\app\Views\layout\option.php(10): CodeIgniter\Debug\Exceptions->errorHandler(8, 'Undefined index...', 'C:\\xampp\\htdocs...', 10, Array)
#1 C:\xampp\htdocs\project-restoran-ci4\revisi11-video24\system\View\View.php(246): include('C:\\xampp\\htdocs...')
#2 C:\xampp\htdocs\project-restoran-ci4\revisi11-video24\system\Common.php(1087): CodeIgniter\View\View->render('layout/option', Array, true)
#3 C:\xampp\htdocs\project-restoran-ci4\revisi11-video24\app\Controllers\Admin\Menu.php(95): view('layout/option', Array)
#4 C:\xampp\htdocs\project-restoran-ci4\revisi11-video24\system\View\Cell.php(149): App\Controllers\Admin\Menu->option()
#5 C:\xampp\htdocs\project-restoran-ci4\revisi11-video24\system\Common.php(1108): CodeIgniter\View\Cell->render('\\App\\Controller...', NULL, 0, 'AppControllersA...')
#6 C:\xampp\htdocs\project-restoran-ci4\revisi11-video24\app\Views\menu\select.php(23): view_cell('\\App\\Controller...')
#7 C:\xampp\htdocs\project-restoran-ci4\revisi11-video24\system\View\View.php(246): include('C:\\xampp\\htdocs...')
#8 C:\xampp\htdocs\project-restoran-ci4\revisi11-video24\system\Common.php(1087): CodeIgniter\View\View->render('menu/select', Array, true)
#9 C:\xampp\htdocs\project-restoran-ci4\revisi11-video24\app\Controllers\Admin\Menu.php(50): view('menu/select', Array)
#10 C:\xampp\htdocs\project-restoran-ci4\revisi11-video24\system\CodeIgniter.php(914): App\Controllers\Admin\Menu->select()
#11 C:\xampp\htdocs\project-restoran-ci4\revisi11-video24\system\CodeIgniter.php(400): CodeIgniter\CodeIgniter->runController(Object(App\Controllers\Admin\Menu))
#12 C:\xampp\htdocs\project-restoran-ci4\revisi11-video24\system\CodeIgniter.php(308): CodeIgniter\CodeIgniter->handleRequest(NULL, Object(Config\Cache), false)
#13 C:\xampp\htdocs\project-restoran-ci4\revisi11-video24\public\index.php(45): CodeIgniter\CodeIgniter->run()
#14 C:\xampp\htdocs\project-restoran-ci4\revisi11-video24\system\Commands\Server\rewrite.php(34): require_once('C:\\xampp\\htdocs...')
#15 {main}
CRITICAL - 2022-12-05 07:10:34 --> Undefined index: idkategori
#0 C:\xampp\htdocs\project-restoran-ci4\revisi11-video24\app\Views\layout\option.php(10): CodeIgniter\Debug\Exceptions->errorHandler(8, 'Undefined index...', 'C:\\xampp\\htdocs...', 10, Array)
#1 C:\xampp\htdocs\project-restoran-ci4\revisi11-video24\system\View\View.php(246): include('C:\\xampp\\htdocs...')
#2 C:\xampp\htdocs\project-restoran-ci4\revisi11-video24\system\Common.php(1087): CodeIgniter\View\View->render('layout/option', Array, true)
#3 C:\xampp\htdocs\project-restoran-ci4\revisi11-video24\app\Controllers\Admin\Menu.php(95): view('layout/option', Array)
#4 C:\xampp\htdocs\project-restoran-ci4\revisi11-video24\system\View\Cell.php(149): App\Controllers\Admin\Menu->option()
#5 C:\xampp\htdocs\project-restoran-ci4\revisi11-video24\system\Common.php(1108): CodeIgniter\View\Cell->render('\\App\\Controller...', NULL, 0, 'AppControllersA...')
#6 C:\xampp\htdocs\project-restoran-ci4\revisi11-video24\app\Views\menu\select.php(23): view_cell('\\App\\Controller...')
#7 C:\xampp\htdocs\project-restoran-ci4\revisi11-video24\system\View\View.php(246): include('C:\\xampp\\htdocs...')
#8 C:\xampp\htdocs\project-restoran-ci4\revisi11-video24\system\Common.php(1087): CodeIgniter\View\View->render('menu/select', Array, true)
#9 C:\xampp\htdocs\project-restoran-ci4\revisi11-video24\app\Controllers\Admin\Menu.php(50): view('menu/select', Array)
#10 C:\xampp\htdocs\project-restoran-ci4\revisi11-video24\system\CodeIgniter.php(914): App\Controllers\Admin\Menu->select()
#11 C:\xampp\htdocs\project-restoran-ci4\revisi11-video24\system\CodeIgniter.php(400): CodeIgniter\CodeIgniter->runController(Object(App\Controllers\Admin\Menu))
#12 C:\xampp\htdocs\project-restoran-ci4\revisi11-video24\system\CodeIgniter.php(308): CodeIgniter\CodeIgniter->handleRequest(NULL, Object(Config\Cache), false)
#13 C:\xampp\htdocs\project-restoran-ci4\revisi11-video24\public\index.php(45): CodeIgniter\CodeIgniter->run()
#14 C:\xampp\htdocs\project-restoran-ci4\revisi11-video24\system\Commands\Server\rewrite.php(34): require_once('C:\\xampp\\htdocs...')
#15 {main}
CRITICAL - 2022-12-05 07:29:46 --> Invalid file: {0}
#0 C:\xampp\htdocs\project-restoran-ci4\revisi11-video24\system\View\View.php(228): CodeIgniter\Exceptions\FrameworkException::forInvalidFile('layout/option.p...')
#1 C:\xampp\htdocs\project-restoran-ci4\revisi11-video24\system\Common.php(1087): CodeIgniter\View\View->render('layout/option', Array, true)
#2 C:\xampp\htdocs\project-restoran-ci4\revisi11-video24\app\Controllers\Admin\Menu.php(90): view('layout/option', Array)
#3 C:\xampp\htdocs\project-restoran-ci4\revisi11-video24\system\View\Cell.php(149): App\Controllers\Admin\Menu->option_index()
#4 C:\xampp\htdocs\project-restoran-ci4\revisi11-video24\system\Common.php(1108): CodeIgniter\View\Cell->render('\\App\\Controller...', NULL, 0, 'AppControllersA...')
#5 C:\xampp\htdocs\project-restoran-ci4\revisi11-video24\app\Views\menu\select.php(23): view_cell('\\App\\Controller...')
#6 C:\xampp\htdocs\project-restoran-ci4\revisi11-video24\system\View\View.php(246): include('C:\\xampp\\htdocs...')
#7 C:\xampp\htdocs\project-restoran-ci4\revisi11-video24\system\Common.php(1087): CodeIgniter\View\View->render('menu/select', Array, true)
#8 C:\xampp\htdocs\project-restoran-ci4\revisi11-video24\app\Controllers\Admin\Menu.php(29): view('menu/select', Array)
#9 C:\xampp\htdocs\project-restoran-ci4\revisi11-video24\system\CodeIgniter.php(914): App\Controllers\Admin\Menu->index()
#10 C:\xampp\htdocs\project-restoran-ci4\revisi11-video24\system\CodeIgniter.php(400): CodeIgniter\CodeIgniter->runController(Object(App\Controllers\Admin\Menu))
#11 C:\xampp\htdocs\project-restoran-ci4\revisi11-video24\system\CodeIgniter.php(308): CodeIgniter\CodeIgniter->handleRequest(NULL, Object(Config\Cache), false)
#12 C:\xampp\htdocs\project-restoran-ci4\revisi11-video24\public\index.php(45): CodeIgniter\CodeIgniter->run()
#13 C:\xampp\htdocs\project-restoran-ci4\revisi11-video24\system\Commands\Server\rewrite.php(34): require_once('C:\\xampp\\htdocs...')
#14 {main}
CRITICAL - 2022-12-05 07:30:05 --> Invalid file: {0}
#0 C:\xampp\htdocs\project-restoran-ci4\revisi11-video24\system\View\View.php(228): CodeIgniter\Exceptions\FrameworkException::forInvalidFile('layout/option.p...')
#1 C:\xampp\htdocs\project-restoran-ci4\revisi11-video24\system\Common.php(1087): CodeIgniter\View\View->render('layout/option', Array, true)
#2 C:\xampp\htdocs\project-restoran-ci4\revisi11-video24\app\Controllers\Admin\Menu.php(90): view('layout/option', Array)
#3 C:\xampp\htdocs\project-restoran-ci4\revisi11-video24\system\View\Cell.php(149): App\Controllers\Admin\Menu->option_index()
#4 C:\xampp\htdocs\project-restoran-ci4\revisi11-video24\system\Common.php(1108): CodeIgniter\View\Cell->render('\\App\\Controller...', NULL, 0, 'AppControllersA...')
#5 C:\xampp\htdocs\project-restoran-ci4\revisi11-video24\app\Views\menu\select.php(23): view_cell('\\App\\Controller...')
#6 C:\xampp\htdocs\project-restoran-ci4\revisi11-video24\system\View\View.php(246): include('C:\\xampp\\htdocs...')
#7 C:\xampp\htdocs\project-restoran-ci4\revisi11-video24\system\Common.php(1087): CodeIgniter\View\View->render('menu/select', Array, true)
#8 C:\xampp\htdocs\project-restoran-ci4\revisi11-video24\app\Controllers\Admin\Menu.php(29): view('menu/select', Array)
#9 C:\xampp\htdocs\project-restoran-ci4\revisi11-video24\system\CodeIgniter.php(914): App\Controllers\Admin\Menu->index()
#10 C:\xampp\htdocs\project-restoran-ci4\revisi11-video24\system\CodeIgniter.php(400): CodeIgniter\CodeIgniter->runController(Object(App\Controllers\Admin\Menu))
#11 C:\xampp\htdocs\project-restoran-ci4\revisi11-video24\system\CodeIgniter.php(308): CodeIgniter\CodeIgniter->handleRequest(NULL, Object(Config\Cache), false)
#12 C:\xampp\htdocs\project-restoran-ci4\revisi11-video24\public\index.php(45): CodeIgniter\CodeIgniter->run()
#13 C:\xampp\htdocs\project-restoran-ci4\revisi11-video24\system\Commands\Server\rewrite.php(34): require_once('C:\\xampp\\htdocs...')
#14 {main}
CRITICAL - 2022-12-05 07:32:52 --> Invalid file: {0}
#0 C:\xampp\htdocs\project-restoran-ci4\revisi11-video24\system\View\View.php(228): CodeIgniter\Exceptions\FrameworkException::forInvalidFile('layout/option.p...')
#1 C:\xampp\htdocs\project-restoran-ci4\revisi11-video24\system\Common.php(1087): CodeIgniter\View\View->render('layout/option', Array, true)
#2 C:\xampp\htdocs\project-restoran-ci4\revisi11-video24\app\Controllers\Admin\Menu.php(90): view('layout/option', Array)
#3 C:\xampp\htdocs\project-restoran-ci4\revisi11-video24\system\View\Cell.php(149): App\Controllers\Admin\Menu->option_index()
#4 C:\xampp\htdocs\project-restoran-ci4\revisi11-video24\system\Common.php(1108): CodeIgniter\View\Cell->render('\\App\\Controller...', NULL, 0, 'AppControllersA...')
#5 C:\xampp\htdocs\project-restoran-ci4\revisi11-video24\app\Views\menu\select.php(23): view_cell('\\App\\Controller...')
#6 C:\xampp\htdocs\project-restoran-ci4\revisi11-video24\system\View\View.php(246): include('C:\\xampp\\htdocs...')
#7 C:\xampp\htdocs\project-restoran-ci4\revisi11-video24\system\Common.php(1087): CodeIgniter\View\View->render('menu/select', Array, true)
#8 C:\xampp\htdocs\project-restoran-ci4\revisi11-video24\app\Controllers\Admin\Menu.php(29): view('menu/select', Array)
#9 C:\xampp\htdocs\project-restoran-ci4\revisi11-video24\system\CodeIgniter.php(914): App\Controllers\Admin\Menu->index()
#10 C:\xampp\htdocs\project-restoran-ci4\revisi11-video24\system\CodeIgniter.php(400): CodeIgniter\CodeIgniter->runController(Object(App\Controllers\Admin\Menu))
#11 C:\xampp\htdocs\project-restoran-ci4\revisi11-video24\system\CodeIgniter.php(308): CodeIgniter\CodeIgniter->handleRequest(NULL, Object(Config\Cache), false)
#12 C:\xampp\htdocs\project-restoran-ci4\revisi11-video24\public\index.php(45): CodeIgniter\CodeIgniter->run()
#13 C:\xampp\htdocs\project-restoran-ci4\revisi11-video24\system\Commands\Server\rewrite.php(34): require_once('C:\\xampp\\htdocs...')
#14 {main}
CRITICAL - 2022-12-05 07:58:11 --> syntax error, unexpected '$awalData' (T_VARIABLE)
#0 C:\xampp\htdocs\project-restoran-ci4\revisi11-video24\system\Router\Router.php(192): CodeIgniter\Router\Router->autoRoute('admin/menu')
#1 C:\xampp\htdocs\project-restoran-ci4\revisi11-video24\system\CodeIgniter.php(789): CodeIgniter\Router\Router->handle('admin/menu')
#2 C:\xampp\htdocs\project-restoran-ci4\revisi11-video24\system\CodeIgniter.php(360): CodeIgniter\CodeIgniter->tryToRouteIt(Object(CodeIgniter\Router\RouteCollection))
#3 C:\xampp\htdocs\project-restoran-ci4\revisi11-video24\system\CodeIgniter.php(308): CodeIgniter\CodeIgniter->handleRequest(NULL, Object(Config\Cache), false)
#4 C:\xampp\htdocs\project-restoran-ci4\revisi11-video24\public\index.php(45): CodeIgniter\CodeIgniter->run()
#5 C:\xampp\htdocs\project-restoran-ci4\revisi11-video24\system\Commands\Server\rewrite.php(34): require_once('C:\\xampp\\htdocs...')
#6 {main}
CRITICAL - 2022-12-05 07:58:31 --> Call to a member function links() on null
#0 C:\xampp\htdocs\project-restoran-ci4\revisi11-video24\system\View\View.php(246): include()
#1 C:\xampp\htdocs\project-restoran-ci4\revisi11-video24\system\Common.php(1087): CodeIgniter\View\View->render('menu/menu_selec...', Array, true)
#2 C:\xampp\htdocs\project-restoran-ci4\revisi11-video24\app\Controllers\Admin\Menu.php(47): view('menu/menu_selec...', Array)
#3 C:\xampp\htdocs\project-restoran-ci4\revisi11-video24\system\CodeIgniter.php(914): App\Controllers\Admin\Menu->select()
#4 C:\xampp\htdocs\project-restoran-ci4\revisi11-video24\system\CodeIgniter.php(400): CodeIgniter\CodeIgniter->runController(Object(App\Controllers\Admin\Menu))
#5 C:\xampp\htdocs\project-restoran-ci4\revisi11-video24\system\CodeIgniter.php(308): CodeIgniter\CodeIgniter->handleRequest(NULL, Object(Config\Cache), false)
#6 C:\xampp\htdocs\project-restoran-ci4\revisi11-video24\public\index.php(45): CodeIgniter\CodeIgniter->run()
#7 C:\xampp\htdocs\project-restoran-ci4\revisi11-video24\system\Commands\Server\rewrite.php(34): require_once('C:\\xampp\\htdocs...')
#8 {main}
CRITICAL - 2022-12-05 08:02:50 --> syntax error, unexpected '=', expecting ']'
#0 C:\xampp\htdocs\project-restoran-ci4\revisi11-video24\system\Router\Router.php(192): CodeIgniter\Router\Router->autoRoute('admin/menu/sele...')
#1 C:\xampp\htdocs\project-restoran-ci4\revisi11-video24\system\CodeIgniter.php(789): CodeIgniter\Router\Router->handle('admin/menu/sele...')
#2 C:\xampp\htdocs\project-restoran-ci4\revisi11-video24\system\CodeIgniter.php(360): CodeIgniter\CodeIgniter->tryToRouteIt(Object(CodeIgniter\Router\RouteCollection))
#3 C:\xampp\htdocs\project-restoran-ci4\revisi11-video24\system\CodeIgniter.php(308): CodeIgniter\CodeIgniter->handleRequest(NULL, Object(Config\Cache), false)
#4 C:\xampp\htdocs\project-restoran-ci4\revisi11-video24\public\index.php(45): CodeIgniter\CodeIgniter->run()
#5 C:\xampp\htdocs\project-restoran-ci4\revisi11-video24\system\Commands\Server\rewrite.php(34): require_once('C:\\xampp\\htdocs...')
#6 {main}
CRITICAL - 2022-12-05 08:04:31 --> Call to a member function links() on null
#0 C:\xampp\htdocs\project-restoran-ci4\revisi11-video24\system\View\View.php(246): include()
#1 C:\xampp\htdocs\project-restoran-ci4\revisi11-video24\system\Common.php(1087): CodeIgniter\View\View->render('menu/menu_selec...', Array, true)
#2 C:\xampp\htdocs\project-restoran-ci4\revisi11-video24\app\Controllers\Admin\Menu.php(48): view('menu/menu_selec...', Array)
#3 C:\xampp\htdocs\project-restoran-ci4\revisi11-video24\system\CodeIgniter.php(914): App\Controllers\Admin\Menu->select()
#4 C:\xampp\htdocs\project-restoran-ci4\revisi11-video24\system\CodeIgniter.php(400): CodeIgniter\CodeIgniter->runController(Object(App\Controllers\Admin\Menu))
#5 C:\xampp\htdocs\project-restoran-ci4\revisi11-video24\system\CodeIgniter.php(308): CodeIgniter\CodeIgniter->handleRequest(NULL, Object(Config\Cache), false)
#6 C:\xampp\htdocs\project-restoran-ci4\revisi11-video24\public\index.php(45): CodeIgniter\CodeIgniter->run()
#7 C:\xampp\htdocs\project-restoran-ci4\revisi11-video24\system\Commands\Server\rewrite.php(34): require_once('C:\\xampp\\htdocs...')
#8 {main}
CRITICAL - 2022-12-05 08:04:59 --> {0} is not a valid Pager template.
#0 C:\xampp\htdocs\project-restoran-ci4\revisi11-video24\system\Pager\Pager.php(182): CodeIgniter\Pager\Exceptions\PagerException::forInvalidTemplate('3')
#1 C:\xampp\htdocs\project-restoran-ci4\revisi11-video24\system\Pager\Pager.php(121): CodeIgniter\Pager\Pager->displayLinks('1', '3')
#2 C:\xampp\htdocs\project-restoran-ci4\revisi11-video24\app\Views\menu\menu_select.php(64): CodeIgniter\Pager\Pager->links('1', '3', 4, 'bs_paging')
#3 C:\xampp\htdocs\project-restoran-ci4\revisi11-video24\system\View\View.php(246): include('C:\\xampp\\htdocs...')
#4 C:\xampp\htdocs\project-restoran-ci4\revisi11-video24\system\Common.php(1087): CodeIgniter\View\View->render('menu/menu_selec...', Array, true)
#5 C:\xampp\htdocs\project-restoran-ci4\revisi11-video24\app\Controllers\Admin\Menu.php(48): view('menu/menu_selec...', Array)
#6 C:\xampp\htdocs\project-restoran-ci4\revisi11-video24\system\CodeIgniter.php(914): App\Controllers\Admin\Menu->select()
#7 C:\xampp\htdocs\project-restoran-ci4\revisi11-video24\system\CodeIgniter.php(400): CodeIgniter\CodeIgniter->runController(Object(App\Controllers\Admin\Menu))
#8 C:\xampp\htdocs\project-restoran-ci4\revisi11-video24\system\CodeIgniter.php(308): CodeIgniter\CodeIgniter->handleRequest(NULL, Object(Config\Cache), false)
#9 C:\xampp\htdocs\project-restoran-ci4\revisi11-video24\public\index.php(45): CodeIgniter\CodeIgniter->run()
#10 C:\xampp\htdocs\project-restoran-ci4\revisi11-video24\system\Commands\Server\rewrite.php(34): require_once('C:\\xampp\\htdocs...')
#11 {main}
CRITICAL - 2022-12-05 08:05:40 --> Object of class App\Controllers\Admin\Menu could not be converted to string
#0 C:\xampp\htdocs\project-restoran-ci4\revisi11-video24\app\Controllers\Admin\Menu.php(43): CodeIgniter\Debug\Exceptions->errorHandler(4096, 'Object of class...', 'C:\\xampp\\htdocs...', 43, Array)
#1 C:\xampp\htdocs\project-restoran-ci4\revisi11-video24\system\CodeIgniter.php(914): App\Controllers\Admin\Menu->select()
#2 C:\xampp\htdocs\project-restoran-ci4\revisi11-video24\system\CodeIgniter.php(400): CodeIgniter\CodeIgniter->runController(Object(App\Controllers\Admin\Menu))
#3 C:\xampp\htdocs\project-restoran-ci4\revisi11-video24\system\CodeIgniter.php(308): CodeIgniter\CodeIgniter->handleRequest(NULL, Object(Config\Cache), false)
#4 C:\xampp\htdocs\project-restoran-ci4\revisi11-video24\public\index.php(45): CodeIgniter\CodeIgniter->run()
#5 C:\xampp\htdocs\project-restoran-ci4\revisi11-video24\system\Commands\Server\rewrite.php(34): require_once('C:\\xampp\\htdocs...')
#6 {main}
CRITICAL - 2022-12-05 08:06:44 --> Call to a member function links() on null
#0 C:\xampp\htdocs\project-restoran-ci4\revisi11-video24\system\View\View.php(246): include()
#1 C:\xampp\htdocs\project-restoran-ci4\revisi11-video24\system\Common.php(1087): CodeIgniter\View\View->render('menu/menu_selec...', Array, true)
#2 C:\xampp\htdocs\project-restoran-ci4\revisi11-video24\app\Controllers\Admin\Menu.php(50): view('menu/menu_selec...', Array)
#3 C:\xampp\htdocs\project-restoran-ci4\revisi11-video24\system\CodeIgniter.php(914): App\Controllers\Admin\Menu->select()
#4 C:\xampp\htdocs\project-restoran-ci4\revisi11-video24\system\CodeIgniter.php(400): CodeIgniter\CodeIgniter->runController(Object(App\Controllers\Admin\Menu))
#5 C:\xampp\htdocs\project-restoran-ci4\revisi11-video24\system\CodeIgniter.php(308): CodeIgniter\CodeIgniter->handleRequest(NULL, Object(Config\Cache), false)
#6 C:\xampp\htdocs\project-restoran-ci4\revisi11-video24\public\index.php(45): CodeIgniter\CodeIgniter->run()
#7 C:\xampp\htdocs\project-restoran-ci4\revisi11-video24\system\Commands\Server\rewrite.php(34): require_once('C:\\xampp\\htdocs...')
#8 {main}
CRITICAL - 2022-12-05 08:07:30 --> {0} is not a valid Pager template.
#0 C:\xampp\htdocs\project-restoran-ci4\revisi11-video24\system\Pager\Pager.php(182): CodeIgniter\Pager\Exceptions\PagerException::forInvalidTemplate('3')
#1 C:\xampp\htdocs\project-restoran-ci4\revisi11-video24\system\Pager\Pager.php(121): CodeIgniter\Pager\Pager->displayLinks('1', '3')
#2 C:\xampp\htdocs\project-restoran-ci4\revisi11-video24\app\Views\menu\menu_select.php(64): CodeIgniter\Pager\Pager->links('1', '3', 4, 'bs_paging')
#3 C:\xampp\htdocs\project-restoran-ci4\revisi11-video24\system\View\View.php(246): include('C:\\xampp\\htdocs...')
#4 C:\xampp\htdocs\project-restoran-ci4\revisi11-video24\system\Common.php(1087): CodeIgniter\View\View->render('menu/menu_selec...', Array, true)
#5 C:\xampp\htdocs\project-restoran-ci4\revisi11-video24\app\Controllers\Admin\Menu.php(48): view('menu/menu_selec...', Array)
#6 C:\xampp\htdocs\project-restoran-ci4\revisi11-video24\system\CodeIgniter.php(914): App\Controllers\Admin\Menu->select()
#7 C:\xampp\htdocs\project-restoran-ci4\revisi11-video24\system\CodeIgniter.php(400): CodeIgniter\CodeIgniter->runController(Object(App\Controllers\Admin\Menu))
#8 C:\xampp\htdocs\project-restoran-ci4\revisi11-video24\system\CodeIgniter.php(308): CodeIgniter\CodeIgniter->handleRequest(NULL, Object(Config\Cache), false)
#9 C:\xampp\htdocs\project-restoran-ci4\revisi11-video24\public\index.php(45): CodeIgniter\CodeIgniter->run()
#10 C:\xampp\htdocs\project-restoran-ci4\revisi11-video24\system\Commands\Server\rewrite.php(34): require_once('C:\\xampp\\htdocs...')
#11 {main}
CRITICAL - 2022-12-05 08:08:07 --> {0} is not a valid Pager template.
#0 C:\xampp\htdocs\project-restoran-ci4\revisi11-video24\system\Pager\Pager.php(182): CodeIgniter\Pager\Exceptions\PagerException::forInvalidTemplate('3')
#1 C:\xampp\htdocs\project-restoran-ci4\revisi11-video24\system\Pager\Pager.php(121): CodeIgniter\Pager\Pager->displayLinks('1', '3')
#2 C:\xampp\htdocs\project-restoran-ci4\revisi11-video24\app\Views\menu\menu_select.php(64): CodeIgniter\Pager\Pager->links('1', '3', 4, 'bs_paging')
#3 C:\xampp\htdocs\project-restoran-ci4\revisi11-video24\system\View\View.php(246): include('C:\\xampp\\htdocs...')
#4 C:\xampp\htdocs\project-restoran-ci4\revisi11-video24\system\Common.php(1087): CodeIgniter\View\View->render('menu/menu_selec...', Array, true)
#5 C:\xampp\htdocs\project-restoran-ci4\revisi11-video24\app\Controllers\Admin\Menu.php(50): view('menu/menu_selec...', Array)
#6 C:\xampp\htdocs\project-restoran-ci4\revisi11-video24\system\CodeIgniter.php(914): App\Controllers\Admin\Menu->select()
#7 C:\xampp\htdocs\project-restoran-ci4\revisi11-video24\system\CodeIgniter.php(400): CodeIgniter\CodeIgniter->runController(Object(App\Controllers\Admin\Menu))
#8 C:\xampp\htdocs\project-restoran-ci4\revisi11-video24\system\CodeIgniter.php(308): CodeIgniter\CodeIgniter->handleRequest(NULL, Object(Config\Cache), false)
#9 C:\xampp\htdocs\project-restoran-ci4\revisi11-video24\public\index.php(45): CodeIgniter\CodeIgniter->run()
#10 C:\xampp\htdocs\project-restoran-ci4\revisi11-video24\system\Commands\Server\rewrite.php(34): require_once('C:\\xampp\\htdocs...')
#11 {main}
CRITICAL - 2022-12-05 08:10:18 --> syntax error, unexpected ''jmlData'' (T_CONSTANT_ENCAPSED_STRING), expecting ']'
#0 C:\xampp\htdocs\project-restoran-ci4\revisi11-video24\system\Router\Router.php(192): CodeIgniter\Router\Router->autoRoute('admin/menu')
#1 C:\xampp\htdocs\project-restoran-ci4\revisi11-video24\system\CodeIgniter.php(789): CodeIgniter\Router\Router->handle('admin/menu')
#2 C:\xampp\htdocs\project-restoran-ci4\revisi11-video24\system\CodeIgniter.php(360): CodeIgniter\CodeIgniter->tryToRouteIt(Object(CodeIgniter\Router\RouteCollection))
#3 C:\xampp\htdocs\project-restoran-ci4\revisi11-video24\system\CodeIgniter.php(308): CodeIgniter\CodeIgniter->handleRequest(NULL, Object(Config\Cache), false)
#4 C:\xampp\htdocs\project-restoran-ci4\revisi11-video24\public\index.php(45): CodeIgniter\CodeIgniter->run()
#5 C:\xampp\htdocs\project-restoran-ci4\revisi11-video24\system\Commands\Server\rewrite.php(34): require_once('C:\\xampp\\htdocs...')
#6 {main}
CRITICAL - 2022-12-05 08:10:35 --> {0} is not a valid Pager template.
#0 C:\xampp\htdocs\project-restoran-ci4\revisi11-video24\system\Pager\Pager.php(182): CodeIgniter\Pager\Exceptions\PagerException::forInvalidTemplate('3')
#1 C:\xampp\htdocs\project-restoran-ci4\revisi11-video24\system\Pager\Pager.php(121): CodeIgniter\Pager\Pager->displayLinks('1', '3')
#2 C:\xampp\htdocs\project-restoran-ci4\revisi11-video24\app\Views\menu\menu_select.php(64): CodeIgniter\Pager\Pager->links('1', '3', 3, 'bs_paging')
#3 C:\xampp\htdocs\project-restoran-ci4\revisi11-video24\system\View\View.php(246): include('C:\\xampp\\htdocs...')
#4 C:\xampp\htdocs\project-restoran-ci4\revisi11-video24\system\Common.php(1087): CodeIgniter\View\View->render('menu/menu_selec...', Array, true)
#5 C:\xampp\htdocs\project-restoran-ci4\revisi11-video24\app\Controllers\Admin\Menu.php(48): view('menu/menu_selec...', Array)
#6 C:\xampp\htdocs\project-restoran-ci4\revisi11-video24\system\CodeIgniter.php(914): App\Controllers\Admin\Menu->select()
#7 C:\xampp\htdocs\project-restoran-ci4\revisi11-video24\system\CodeIgniter.php(400): CodeIgniter\CodeIgniter->runController(Object(App\Controllers\Admin\Menu))
#8 C:\xampp\htdocs\project-restoran-ci4\revisi11-video24\system\CodeIgniter.php(308): CodeIgniter\CodeIgniter->handleRequest(NULL, Object(Config\Cache), false)
#9 C:\xampp\htdocs\project-restoran-ci4\revisi11-video24\public\index.php(45): CodeIgniter\CodeIgniter->run()
#10 C:\xampp\htdocs\project-restoran-ci4\revisi11-video24\system\Commands\Server\rewrite.php(34): require_once('C:\\xampp\\htdocs...')
#11 {main}
CRITICAL - 2022-12-05 08:16:23 --> Undefined variable: jmlData
#0 C:\xampp\htdocs\project-restoran-ci4\revisi11-video24\app\Views\menu\menu_select.php(64): CodeIgniter\Debug\Exceptions->errorHandler(8, 'Undefined varia...', 'C:\\xampp\\htdocs...', 64, Array)
#1 C:\xampp\htdocs\project-restoran-ci4\revisi11-video24\system\View\View.php(246): include('C:\\xampp\\htdocs...')
#2 C:\xampp\htdocs\project-restoran-ci4\revisi11-video24\system\Common.php(1087): CodeIgniter\View\View->render('menu/menu_selec...', Array, true)
#3 C:\xampp\htdocs\project-restoran-ci4\revisi11-video24\app\Controllers\Admin\Menu.php(43): view('menu/menu_selec...', Array)
#4 C:\xampp\htdocs\project-restoran-ci4\revisi11-video24\system\CodeIgniter.php(914): App\Controllers\Admin\Menu->select()
#5 C:\xampp\htdocs\project-restoran-ci4\revisi11-video24\system\CodeIgniter.php(400): CodeIgniter\CodeIgniter->runController(Object(App\Controllers\Admin\Menu))
#6 C:\xampp\htdocs\project-restoran-ci4\revisi11-video24\system\CodeIgniter.php(308): CodeIgniter\CodeIgniter->handleRequest(NULL, Object(Config\Cache), false)
#7 C:\xampp\htdocs\project-restoran-ci4\revisi11-video24\public\index.php(45): CodeIgniter\CodeIgniter->run()
#8 C:\xampp\htdocs\project-restoran-ci4\revisi11-video24\system\Commands\Server\rewrite.php(34): require_once('C:\\xampp\\htdocs...')
#9 {main}
CRITICAL - 2022-12-05 08:21:06 --> Namespace declaration statement has to be the very first statement or after any declare call in the script
#0 [internal function]: CodeIgniter\Debug\Exceptions->shutdownHandler()
#1 {main}
CRITICAL - 2022-12-05 19:00:14 --> Maximum execution time of 60 seconds exceeded
#0 [internal function]: CodeIgniter\Debug\Exceptions->shutdownHandler()
#1 {main}
CRITICAL - 2022-12-05 19:03:25 --> Maximum execution time of 60 seconds exceeded
#0 [internal function]: CodeIgniter\Debug\Exceptions->shutdownHandler()
#1 {main}
CRITICAL - 2022-12-05 19:30:15 --> Call to undefined function endSection()
#0 C:\xampp\htdocs\project-restoran-ci4\revisi12-video27\system\View\View.php(246): include()
#1 C:\xampp\htdocs\project-restoran-ci4\revisi12-video27\system\Common.php(1087): CodeIgniter\View\View->render('menu/insert', Array, true)
#2 C:\xampp\htdocs\project-restoran-ci4\revisi12-video27\app\Controllers\Admin\Menu.php(94): view('menu/insert', Array)
#3 C:\xampp\htdocs\project-restoran-ci4\revisi12-video27\system\CodeIgniter.php(914): App\Controllers\Admin\Menu->create()
#4 C:\xampp\htdocs\project-restoran-ci4\revisi12-video27\system\CodeIgniter.php(400): CodeIgniter\CodeIgniter->runController(Object(App\Controllers\Admin\Menu))
#5 C:\xampp\htdocs\project-restoran-ci4\revisi12-video27\system\CodeIgniter.php(308): CodeIgniter\CodeIgniter->handleRequest(NULL, Object(Config\Cache), false)
#6 C:\xampp\htdocs\project-restoran-ci4\revisi12-video27\public\index.php(45): CodeIgniter\CodeIgniter->run()
#7 C:\xampp\htdocs\project-restoran-ci4\revisi12-video27\system\Commands\Server\rewrite.php(34): require_once('C:\\xampp\\htdocs...')
#8 {main}
CRITICAL - 2022-12-05 19:43:00 --> syntax error, unexpected '<'
#0 C:\xampp\htdocs\project-restoran-ci4\revisi12-video27\system\Router\Router.php(192): CodeIgniter\Router\Router->autoRoute('admin/menu/form...')
#1 C:\xampp\htdocs\project-restoran-ci4\revisi12-video27\system\CodeIgniter.php(789): CodeIgniter\Router\Router->handle('admin/menu/form...')
#2 C:\xampp\htdocs\project-restoran-ci4\revisi12-video27\system\CodeIgniter.php(360): CodeIgniter\CodeIgniter->tryToRouteIt(Object(CodeIgniter\Router\RouteCollection))
#3 C:\xampp\htdocs\project-restoran-ci4\revisi12-video27\system\CodeIgniter.php(308): CodeIgniter\CodeIgniter->handleRequest(NULL, Object(Config\Cache), false)
#4 C:\xampp\htdocs\project-restoran-ci4\revisi12-video27\public\index.php(45): CodeIgniter\CodeIgniter->run()
#5 C:\xampp\htdocs\project-restoran-ci4\revisi12-video27\system\Commands\Server\rewrite.php(34): require_once('C:\\xampp\\htdocs...')
#6 {main}
CRITICAL - 2022-12-05 19:43:18 --> {class}::{method} is not a valid method.
#0 C:\xampp\htdocs\project-restoran-ci4\revisi12-video27\system\View\Cell.php(132): CodeIgniter\View\Exceptions\ViewException::forInvalidCellMethod('\\App\\Controller...', 'option')
#1 C:\xampp\htdocs\project-restoran-ci4\revisi12-video27\system\Common.php(1108): CodeIgniter\View\Cell->render('\\App\\Controller...', NULL, 0, 'AppControllersA...')
#2 C:\xampp\htdocs\project-restoran-ci4\revisi12-video27\app\Views\menu\form_upload.php(6): view_cell('\\App\\Controller...')
#3 C:\xampp\htdocs\project-restoran-ci4\revisi12-video27\system\View\View.php(246): include('C:\\xampp\\htdocs...')
#4 C:\xampp\htdocs\project-restoran-ci4\revisi12-video27\system\Common.php(1087): CodeIgniter\View\View->render('menu/form_uploa...', Array, true)
#5 C:\xampp\htdocs\project-restoran-ci4\revisi12-video27\app\Controllers\Admin\Menu.php(66): view('menu/form_uploa...', Array)
#6 C:\xampp\htdocs\project-restoran-ci4\revisi12-video27\system\CodeIgniter.php(914): App\Controllers\Admin\Menu->form_upload()
#7 C:\xampp\htdocs\project-restoran-ci4\revisi12-video27\system\CodeIgniter.php(400): CodeIgniter\CodeIgniter->runController(Object(App\Controllers\Admin\Menu))
#8 C:\xampp\htdocs\project-restoran-ci4\revisi12-video27\system\CodeIgniter.php(308): CodeIgniter\CodeIgniter->handleRequest(NULL, Object(Config\Cache), false)
#9 C:\xampp\htdocs\project-restoran-ci4\revisi12-video27\public\index.php(45): CodeIgniter\CodeIgniter->run()
#10 C:\xampp\htdocs\project-restoran-ci4\revisi12-video27\system\Commands\Server\rewrite.php(34): require_once('C:\\xampp\\htdocs...')
#11 {main}
CRITICAL - 2022-12-05 19:44:11 --> Call to a member function getName() on null
#0 C:\xampp\htdocs\project-restoran-ci4\revisi12-video27\system\CodeIgniter.php(914): App\Controllers\Admin\Menu->upload()
#1 C:\xampp\htdocs\project-restoran-ci4\revisi12-video27\system\CodeIgniter.php(400): CodeIgniter\CodeIgniter->runController(Object(App\Controllers\Admin\Menu))
#2 C:\xampp\htdocs\project-restoran-ci4\revisi12-video27\system\CodeIgniter.php(308): CodeIgniter\CodeIgniter->handleRequest(NULL, Object(Config\Cache), false)
#3 C:\xampp\htdocs\project-restoran-ci4\revisi12-video27\public\index.php(45): CodeIgniter\CodeIgniter->run()
#4 C:\xampp\htdocs\project-restoran-ci4\revisi12-video27\system\Commands\Server\rewrite.php(34): require_once('C:\\xampp\\htdocs...')
#5 {main}
CRITICAL - 2022-12-05 19:44:38 --> Call to a member function getName() on null
#0 C:\xampp\htdocs\project-restoran-ci4\revisi12-video27\system\CodeIgniter.php(914): App\Controllers\Admin\Menu->upload()
#1 C:\xampp\htdocs\project-restoran-ci4\revisi12-video27\system\CodeIgniter.php(400): CodeIgniter\CodeIgniter->runController(Object(App\Controllers\Admin\Menu))
#2 C:\xampp\htdocs\project-restoran-ci4\revisi12-video27\system\CodeIgniter.php(308): CodeIgniter\CodeIgniter->handleRequest(NULL, Object(Config\Cache), false)
#3 C:\xampp\htdocs\project-restoran-ci4\revisi12-video27\public\index.php(45): CodeIgniter\CodeIgniter->run()
#4 C:\xampp\htdocs\project-restoran-ci4\revisi12-video27\system\Commands\Server\rewrite.php(34): require_once('C:\\xampp\\htdocs...')
#5 {main}
CRITICAL - 2022-12-05 19:49:07 --> {class}::{method} is not a valid method.
#0 C:\xampp\htdocs\project-restoran-ci4\revisi12-video27\system\View\Cell.php(132): CodeIgniter\View\Exceptions\ViewException::forInvalidCellMethod('\\App\\Controller...', 'option')
#1 C:\xampp\htdocs\project-restoran-ci4\revisi12-video27\system\Common.php(1108): CodeIgniter\View\Cell->render('\\App\\Controller...', NULL, 0, 'AppControllersA...')
#2 C:\xampp\htdocs\project-restoran-ci4\revisi12-video27\app\Views\menu\form_upload.php(6): view_cell('\\App\\Controller...')
#3 C:\xampp\htdocs\project-restoran-ci4\revisi12-video27\system\View\View.php(246): include('C:\\xampp\\htdocs...')
#4 C:\xampp\htdocs\project-restoran-ci4\revisi12-video27\system\Common.php(1087): CodeIgniter\View\View->render('menu/form_uploa...', Array, true)
#5 C:\xampp\htdocs\project-restoran-ci4\revisi12-video27\app\Controllers\Admin\Menu.php(66): view('menu/form_uploa...', Array)
#6 C:\xampp\htdocs\project-restoran-ci4\revisi12-video27\system\CodeIgniter.php(914): App\Controllers\Admin\Menu->form_upload()
#7 C:\xampp\htdocs\project-restoran-ci4\revisi12-video27\system\CodeIgniter.php(400): CodeIgniter\CodeIgniter->runController(Object(App\Controllers\Admin\Menu))
#8 C:\xampp\htdocs\project-restoran-ci4\revisi12-video27\system\CodeIgniter.php(308): CodeIgniter\CodeIgniter->handleRequest(NULL, Object(Config\Cache), false)
#9 C:\xampp\htdocs\project-restoran-ci4\revisi12-video27\public\index.php(45): CodeIgniter\CodeIgniter->run()
#10 C:\xampp\htdocs\project-restoran-ci4\revisi12-video27\system\Commands\Server\rewrite.php(34): require_once('C:\\xampp\\htdocs...')
#11 {main}
CRITICAL - 2022-12-05 19:57:05 --> There is no data to {0}.
#0 C:\xampp\htdocs\project-restoran-ci4\revisi12-video27\system\Model.php(679): CodeIgniter\Database\Exceptions\DataException::forEmptyDataset('insert')
#1 C:\xampp\htdocs\project-restoran-ci4\revisi12-video27\app\Controllers\Admin\Menu.php(99): CodeIgniter\Model->insert(NULL)
#2 C:\xampp\htdocs\project-restoran-ci4\revisi12-video27\system\CodeIgniter.php(914): App\Controllers\Admin\Menu->insert()
#3 C:\xampp\htdocs\project-restoran-ci4\revisi12-video27\system\CodeIgniter.php(400): CodeIgniter\CodeIgniter->runController(Object(App\Controllers\Admin\Menu))
#4 C:\xampp\htdocs\project-restoran-ci4\revisi12-video27\system\CodeIgniter.php(308): CodeIgniter\CodeIgniter->handleRequest(NULL, Object(Config\Cache), false)
#5 C:\xampp\htdocs\project-restoran-ci4\revisi12-video27\public\index.php(45): CodeIgniter\CodeIgniter->run()
#6 C:\xampp\htdocs\project-restoran-ci4\revisi12-video27\system\Commands\Server\rewrite.php(34): require_once('C:\\xampp\\htdocs...')
#7 {main}
CRITICAL - 2022-12-05 19:58:43 --> There is no data to {0}.
#0 C:\xampp\htdocs\project-restoran-ci4\revisi12-video27\system\Model.php(679): CodeIgniter\Database\Exceptions\DataException::forEmptyDataset('insert')
#1 C:\xampp\htdocs\project-restoran-ci4\revisi12-video27\app\Controllers\Admin\Menu.php(99): CodeIgniter\Model->insert(NULL)
#2 C:\xampp\htdocs\project-restoran-ci4\revisi12-video27\system\CodeIgniter.php(914): App\Controllers\Admin\Menu->insert()
#3 C:\xampp\htdocs\project-restoran-ci4\revisi12-video27\system\CodeIgniter.php(400): CodeIgniter\CodeIgniter->runController(Object(App\Controllers\Admin\Menu))
#4 C:\xampp\htdocs\project-restoran-ci4\revisi12-video27\system\CodeIgniter.php(308): CodeIgniter\CodeIgniter->handleRequest(NULL, Object(Config\Cache), false)
#5 C:\xampp\htdocs\project-restoran-ci4\revisi12-video27\public\index.php(45): CodeIgniter\CodeIgniter->run()
#6 C:\xampp\htdocs\project-restoran-ci4\revisi12-video27\system\Commands\Server\rewrite.php(34): require_once('C:\\xampp\\htdocs...')
#7 {main}
CRITICAL - 2022-12-05 20:06:59 --> Undefined variable: kategori
#0 C:\xampp\htdocs\project-restoran-ci4\revisi12-video27\app\Views\menu\insert.php(19): CodeIgniter\Debug\Exceptions->errorHandler(8, 'Undefined varia...', 'C:\\xampp\\htdocs...', 19, Array)
#1 C:\xampp\htdocs\project-restoran-ci4\revisi12-video27\system\View\View.php(246): include('C:\\xampp\\htdocs...')
#2 C:\xampp\htdocs\project-restoran-ci4\revisi12-video27\system\Common.php(1087): CodeIgniter\View\View->render('menu/insert', Array, true)
#3 C:\xampp\htdocs\project-restoran-ci4\revisi12-video27\app\Controllers\Admin\Menu.php(94): view('menu/insert', Array)
#4 C:\xampp\htdocs\project-restoran-ci4\revisi12-video27\system\CodeIgniter.php(914): App\Controllers\Admin\Menu->create()
#5 C:\xampp\htdocs\project-restoran-ci4\revisi12-video27\system\CodeIgniter.php(400): CodeIgniter\CodeIgniter->runController(Object(App\Controllers\Admin\Menu))
#6 C:\xampp\htdocs\project-restoran-ci4\revisi12-video27\system\CodeIgniter.php(308): CodeIgniter\CodeIgniter->handleRequest(NULL, Object(Config\Cache), false)
#7 C:\xampp\htdocs\project-restoran-ci4\revisi12-video27\public\index.php(45): CodeIgniter\CodeIgniter->run()
#8 C:\xampp\htdocs\project-restoran-ci4\revisi12-video27\system\Commands\Server\rewrite.php(34): require_once('C:\\xampp\\htdocs...')
#9 {main}
