CRITICAL - 2022-12-17 04:11:01 --> Undefined property: App\Controllers\Admin\User::$validation
#0 C:\xampp\htdocs\project-restoran-ci4\revisi15-video42\app\Controllers\Admin\User.php(41): CodeIgniter\Debug\Exceptions->errorHandler(8, 'Undefined prope...', 'C:\\xampp\\htdocs...', 41, Array)
#1 C:\xampp\htdocs\project-restoran-ci4\revisi15-video42\system\CodeIgniter.php(914): App\Controllers\Admin\User->create()
#2 C:\xampp\htdocs\project-restoran-ci4\revisi15-video42\system\CodeIgniter.php(400): CodeIgniter\CodeIgniter->runController(Object(App\Controllers\Admin\User))
#3 C:\xampp\htdocs\project-restoran-ci4\revisi15-video42\system\CodeIgniter.php(308): CodeIgniter\CodeIgniter->handleRequest(NULL, Object(Config\Cache), false)
#4 C:\xampp\htdocs\project-restoran-ci4\revisi15-video42\public\index.php(45): CodeIgniter\CodeIgniter->run()
#5 C:\xampp\htdocs\project-restoran-ci4\revisi15-video42\system\Commands\Server\rewrite.php(34): require_once('C:\\xampp\\htdocs...')
#6 {main}
CRITICAL - 2022-12-17 04:12:19 --> {0} is not a valid rule.
#0 C:\xampp\htdocs\project-restoran-ci4\revisi15-video42\system\Validation\Validation.php(302): CodeIgniter\Validation\Exceptions\ValidationException::forRuleNotFound('reqiured')
#1 C:\xampp\htdocs\project-restoran-ci4\revisi15-video42\system\Validation\Validation.php(189): CodeIgniter\Validation\Validation->processRules('email', 'email', '', Array, Array)
#2 C:\xampp\htdocs\project-restoran-ci4\revisi15-video42\system\Controller.php(219): CodeIgniter\Validation\Validation->run()
#3 C:\xampp\htdocs\project-restoran-ci4\revisi15-video42\app\Controllers\Admin\User.php(74): CodeIgniter\Controller->validate(Array)
#4 C:\xampp\htdocs\project-restoran-ci4\revisi15-video42\system\CodeIgniter.php(914): App\Controllers\Admin\User->insert()
#5 C:\xampp\htdocs\project-restoran-ci4\revisi15-video42\system\CodeIgniter.php(400): CodeIgniter\CodeIgniter->runController(Object(App\Controllers\Admin\User))
#6 C:\xampp\htdocs\project-restoran-ci4\revisi15-video42\system\CodeIgniter.php(308): CodeIgniter\CodeIgniter->handleRequest(NULL, Object(Config\Cache), false)
#7 C:\xampp\htdocs\project-restoran-ci4\revisi15-video42\public\index.php(45): CodeIgniter\CodeIgniter->run()
#8 C:\xampp\htdocs\project-restoran-ci4\revisi15-video42\system\Commands\Server\rewrite.php(34): require_once('C:\\xampp\\htdocs...')
#9 {main}
CRITICAL - 2022-12-17 04:13:45 --> {0} is not a valid rule.
#0 C:\xampp\htdocs\project-restoran-ci4\revisi15-video42\system\Validation\Validation.php(302): CodeIgniter\Validation\Exceptions\ValidationException::forRuleNotFound('reqiured')
#1 C:\xampp\htdocs\project-restoran-ci4\revisi15-video42\system\Validation\Validation.php(189): CodeIgniter\Validation\Validation->processRules('email', 'email', NULL, Array, Array)
#2 C:\xampp\htdocs\project-restoran-ci4\revisi15-video42\system\Controller.php(219): CodeIgniter\Validation\Validation->run()
#3 C:\xampp\htdocs\project-restoran-ci4\revisi15-video42\app\Controllers\Admin\User.php(74): CodeIgniter\Controller->validate(Array)
#4 C:\xampp\htdocs\project-restoran-ci4\revisi15-video42\system\CodeIgniter.php(914): App\Controllers\Admin\User->insert()
#5 C:\xampp\htdocs\project-restoran-ci4\revisi15-video42\system\CodeIgniter.php(400): CodeIgniter\CodeIgniter->runController(Object(App\Controllers\Admin\User))
#6 C:\xampp\htdocs\project-restoran-ci4\revisi15-video42\system\CodeIgniter.php(308): CodeIgniter\CodeIgniter->handleRequest(NULL, Object(Config\Cache), false)
#7 C:\xampp\htdocs\project-restoran-ci4\revisi15-video42\public\index.php(45): CodeIgniter\CodeIgniter->run()
#8 C:\xampp\htdocs\project-restoran-ci4\revisi15-video42\system\Commands\Server\rewrite.php(34): require_once('C:\\xampp\\htdocs...')
#9 {main}
CRITICAL - 2022-12-17 04:14:00 --> {0} is not a valid rule.
#0 C:\xampp\htdocs\project-restoran-ci4\revisi15-video42\system\Validation\Validation.php(302): CodeIgniter\Validation\Exceptions\ValidationException::forRuleNotFound('reqiured')
#1 C:\xampp\htdocs\project-restoran-ci4\revisi15-video42\system\Validation\Validation.php(189): CodeIgniter\Validation\Validation->processRules('email', 'email', '', Array, Array)
#2 C:\xampp\htdocs\project-restoran-ci4\revisi15-video42\system\Controller.php(219): CodeIgniter\Validation\Validation->run()
#3 C:\xampp\htdocs\project-restoran-ci4\revisi15-video42\app\Controllers\Admin\User.php(74): CodeIgniter\Controller->validate(Array)
#4 C:\xampp\htdocs\project-restoran-ci4\revisi15-video42\system\CodeIgniter.php(914): App\Controllers\Admin\User->insert()
#5 C:\xampp\htdocs\project-restoran-ci4\revisi15-video42\system\CodeIgniter.php(400): CodeIgniter\CodeIgniter->runController(Object(App\Controllers\Admin\User))
#6 C:\xampp\htdocs\project-restoran-ci4\revisi15-video42\system\CodeIgniter.php(308): CodeIgniter\CodeIgniter->handleRequest(NULL, Object(Config\Cache), false)
#7 C:\xampp\htdocs\project-restoran-ci4\revisi15-video42\public\index.php(45): CodeIgniter\CodeIgniter->run()
#8 C:\xampp\htdocs\project-restoran-ci4\revisi15-video42\system\Commands\Server\rewrite.php(34): require_once('C:\\xampp\\htdocs...')
#9 {main}
CRITICAL - 2022-12-17 04:16:39 --> {0} is not a valid rule.
#0 C:\xampp\htdocs\project-restoran-ci4\revisi15-video42\system\Validation\Validation.php(302): CodeIgniter\Validation\Exceptions\ValidationException::forRuleNotFound('reqiured')
#1 C:\xampp\htdocs\project-restoran-ci4\revisi15-video42\system\Validation\Validation.php(189): CodeIgniter\Validation\Validation->processRules('email', 'email', '', Array, Array)
#2 C:\xampp\htdocs\project-restoran-ci4\revisi15-video42\system\Controller.php(219): CodeIgniter\Validation\Validation->run()
#3 C:\xampp\htdocs\project-restoran-ci4\revisi15-video42\app\Controllers\Admin\User.php(62): CodeIgniter\Controller->validate(Array)
#4 C:\xampp\htdocs\project-restoran-ci4\revisi15-video42\system\CodeIgniter.php(914): App\Controllers\Admin\User->insert()
#5 C:\xampp\htdocs\project-restoran-ci4\revisi15-video42\system\CodeIgniter.php(400): CodeIgniter\CodeIgniter->runController(Object(App\Controllers\Admin\User))
#6 C:\xampp\htdocs\project-restoran-ci4\revisi15-video42\system\CodeIgniter.php(308): CodeIgniter\CodeIgniter->handleRequest(NULL, Object(Config\Cache), false)
#7 C:\xampp\htdocs\project-restoran-ci4\revisi15-video42\public\index.php(45): CodeIgniter\CodeIgniter->run()
#8 C:\xampp\htdocs\project-restoran-ci4\revisi15-video42\system\Commands\Server\rewrite.php(34): require_once('C:\\xampp\\htdocs...')
#9 {main}
CRITICAL - 2022-12-17 04:19:50 --> {0} is not a valid rule.
#0 C:\xampp\htdocs\project-restoran-ci4\revisi15-video42\system\Validation\Validation.php(302): CodeIgniter\Validation\Exceptions\ValidationException::forRuleNotFound('aplha_numeric')
#1 C:\xampp\htdocs\project-restoran-ci4\revisi15-video42\system\Validation\Validation.php(189): CodeIgniter\Validation\Validation->processRules('user', 'user', 'user', Array, Array)
#2 C:\xampp\htdocs\project-restoran-ci4\revisi15-video42\system\Controller.php(219): CodeIgniter\Validation\Validation->run()
#3 C:\xampp\htdocs\project-restoran-ci4\revisi15-video42\app\Controllers\Admin\User.php(72): CodeIgniter\Controller->validate(Array)
#4 C:\xampp\htdocs\project-restoran-ci4\revisi15-video42\system\CodeIgniter.php(914): App\Controllers\Admin\User->insert()
#5 C:\xampp\htdocs\project-restoran-ci4\revisi15-video42\system\CodeIgniter.php(400): CodeIgniter\CodeIgniter->runController(Object(App\Controllers\Admin\User))
#6 C:\xampp\htdocs\project-restoran-ci4\revisi15-video42\system\CodeIgniter.php(308): CodeIgniter\CodeIgniter->handleRequest(NULL, Object(Config\Cache), false)
#7 C:\xampp\htdocs\project-restoran-ci4\revisi15-video42\public\index.php(45): CodeIgniter\CodeIgniter->run()
#8 C:\xampp\htdocs\project-restoran-ci4\revisi15-video42\system\Commands\Server\rewrite.php(34): require_once('C:\\xampp\\htdocs...')
#9 {main}
CRITICAL - 2022-12-17 06:44:38 --> syntax error, unexpected '=', expecting ']'
#0 C:\xampp\htdocs\project-restoran-ci4\revisi15-video42\system\Router\Router.php(192): CodeIgniter\Router\Router->autoRoute('admin/user')
#1 C:\xampp\htdocs\project-restoran-ci4\revisi15-video42\system\CodeIgniter.php(789): CodeIgniter\Router\Router->handle('admin/user')
#2 C:\xampp\htdocs\project-restoran-ci4\revisi15-video42\system\CodeIgniter.php(360): CodeIgniter\CodeIgniter->tryToRouteIt(Object(CodeIgniter\Router\RouteCollection))
#3 C:\xampp\htdocs\project-restoran-ci4\revisi15-video42\system\CodeIgniter.php(308): CodeIgniter\CodeIgniter->handleRequest(NULL, Object(Config\Cache), false)
#4 C:\xampp\htdocs\project-restoran-ci4\revisi15-video42\public\index.php(45): CodeIgniter\CodeIgniter->run()
#5 C:\xampp\htdocs\project-restoran-ci4\revisi15-video42\system\Commands\Server\rewrite.php(34): require_once('C:\\xampp\\htdocs...')
#6 {main}
CRITICAL - 2022-12-17 06:45:06 --> Undefined variable: ktgr
#0 C:\xampp\htdocs\project-restoran-ci4\revisi15-video42\app\Views\user\select.php(46): CodeIgniter\Debug\Exceptions->errorHandler(8, 'Undefined varia...', 'C:\\xampp\\htdocs...', 46, Array)
#1 C:\xampp\htdocs\project-restoran-ci4\revisi15-video42\system\View\View.php(246): include('C:\\xampp\\htdocs...')
#2 C:\xampp\htdocs\project-restoran-ci4\revisi15-video42\system\Common.php(1087): CodeIgniter\View\View->render('user/select', Array, true)
#3 C:\xampp\htdocs\project-restoran-ci4\revisi15-video42\app\Controllers\Admin\User.php(35): view('user/select', Array)
#4 C:\xampp\htdocs\project-restoran-ci4\revisi15-video42\system\CodeIgniter.php(914): App\Controllers\Admin\User->index()
#5 C:\xampp\htdocs\project-restoran-ci4\revisi15-video42\system\CodeIgniter.php(400): CodeIgniter\CodeIgniter->runController(Object(App\Controllers\Admin\User))
#6 C:\xampp\htdocs\project-restoran-ci4\revisi15-video42\system\CodeIgniter.php(308): CodeIgniter\CodeIgniter->handleRequest(NULL, Object(Config\Cache), false)
#7 C:\xampp\htdocs\project-restoran-ci4\revisi15-video42\public\index.php(45): CodeIgniter\CodeIgniter->run()
#8 C:\xampp\htdocs\project-restoran-ci4\revisi15-video42\system\Commands\Server\rewrite.php(34): require_once('C:\\xampp\\htdocs...')
#9 {main}
CRITICAL - 2022-12-17 06:45:45 --> Undefined index: idusr
#0 C:\xampp\htdocs\project-restoran-ci4\revisi15-video42\app\Views\user\select.php(46): CodeIgniter\Debug\Exceptions->errorHandler(8, 'Undefined index...', 'C:\\xampp\\htdocs...', 46, Array)
#1 C:\xampp\htdocs\project-restoran-ci4\revisi15-video42\system\View\View.php(246): include('C:\\xampp\\htdocs...')
#2 C:\xampp\htdocs\project-restoran-ci4\revisi15-video42\system\Common.php(1087): CodeIgniter\View\View->render('user/select', Array, true)
#3 C:\xampp\htdocs\project-restoran-ci4\revisi15-video42\app\Controllers\Admin\User.php(35): view('user/select', Array)
#4 C:\xampp\htdocs\project-restoran-ci4\revisi15-video42\system\CodeIgniter.php(914): App\Controllers\Admin\User->index()
#5 C:\xampp\htdocs\project-restoran-ci4\revisi15-video42\system\CodeIgniter.php(400): CodeIgniter\CodeIgniter->runController(Object(App\Controllers\Admin\User))
#6 C:\xampp\htdocs\project-restoran-ci4\revisi15-video42\system\CodeIgniter.php(308): CodeIgniter\CodeIgniter->handleRequest(NULL, Object(Config\Cache), false)
#7 C:\xampp\htdocs\project-restoran-ci4\revisi15-video42\public\index.php(45): CodeIgniter\CodeIgniter->run()
#8 C:\xampp\htdocs\project-restoran-ci4\revisi15-video42\system\Commands\Server\rewrite.php(34): require_once('C:\\xampp\\htdocs...')
#9 {main}
CRITICAL - 2022-12-17 07:16:00 --> Undefined index: iduser
#0 C:\xampp\htdocs\project-restoran-ci4\revisi15-video42\app\Views\user\update.php(17): CodeIgniter\Debug\Exceptions->errorHandler(8, 'Undefined index...', 'C:\\xampp\\htdocs...', 17, Array)
#1 C:\xampp\htdocs\project-restoran-ci4\revisi15-video42\system\View\View.php(246): include('C:\\xampp\\htdocs...')
#2 C:\xampp\htdocs\project-restoran-ci4\revisi15-video42\system\Common.php(1087): CodeIgniter\View\View->render('user/update', Array, true)
#3 C:\xampp\htdocs\project-restoran-ci4\revisi15-video42\app\Controllers\Admin\User.php(103): view('user/update', Array)
#4 C:\xampp\htdocs\project-restoran-ci4\revisi15-video42\system\CodeIgniter.php(914): App\Controllers\Admin\User->update()
#5 C:\xampp\htdocs\project-restoran-ci4\revisi15-video42\system\CodeIgniter.php(400): CodeIgniter\CodeIgniter->runController(Object(App\Controllers\Admin\User))
#6 C:\xampp\htdocs\project-restoran-ci4\revisi15-video42\system\CodeIgniter.php(308): CodeIgniter\CodeIgniter->handleRequest(NULL, Object(Config\Cache), false)
#7 C:\xampp\htdocs\project-restoran-ci4\revisi15-video42\public\index.php(45): CodeIgniter\CodeIgniter->run()
#8 C:\xampp\htdocs\project-restoran-ci4\revisi15-video42\system\Commands\Server\rewrite.php(34): require_once('C:\\xampp\\htdocs...')
#9 {main}
CRITICAL - 2022-12-17 07:31:20 --> syntax error, unexpected ';', expecting ')'
#0 C:\xampp\htdocs\project-restoran-ci4\revisi15-video42\system\Router\Router.php(192): CodeIgniter\Router\Router->autoRoute('admin/user/upda...')
#1 C:\xampp\htdocs\project-restoran-ci4\revisi15-video42\system\CodeIgniter.php(789): CodeIgniter\Router\Router->handle('admin/user/upda...')
#2 C:\xampp\htdocs\project-restoran-ci4\revisi15-video42\system\CodeIgniter.php(360): CodeIgniter\CodeIgniter->tryToRouteIt(Object(CodeIgniter\Router\RouteCollection))
#3 C:\xampp\htdocs\project-restoran-ci4\revisi15-video42\system\CodeIgniter.php(308): CodeIgniter\CodeIgniter->handleRequest(NULL, Object(Config\Cache), false)
#4 C:\xampp\htdocs\project-restoran-ci4\revisi15-video42\public\index.php(45): CodeIgniter\CodeIgniter->run()
#5 C:\xampp\htdocs\project-restoran-ci4\revisi15-video42\system\Commands\Server\rewrite.php(34): require_once('C:\\xampp\\htdocs...')
#6 {main}
CRITICAL - 2022-12-17 10:06:10 --> Constant expression contains invalid operations
#0 [internal function]: CodeIgniter\Debug\Exceptions->shutdownHandler()
#1 {main}
CRITICAL - 2022-12-17 11:57:40 --> Cannot use isset() on the result of an expression (you can use "null !== expression" instead)
#0 [internal function]: CodeIgniter\Debug\Exceptions->shutdownHandler()
#1 {main}
CRITICAL - 2022-12-17 11:58:01 --> Cannot use isset() on the result of an expression (you can use "null !== expression" instead)
#0 [internal function]: CodeIgniter\Debug\Exceptions->shutdownHandler()
#1 {main}
CRITICAL - 2022-12-17 11:58:46 --> Cannot use isset() on the result of an expression (you can use "null !== expression" instead)
#0 [internal function]: CodeIgniter\Debug\Exceptions->shutdownHandler()
#1 {main}
CRITICAL - 2022-12-17 12:12:35 --> Undefined variable: session
#0 C:\xampp\htdocs\project-restoran-ci4\revisi16-video47\app\Views\layout\login.php(55): CodeIgniter\Debug\Exceptions->errorHandler(8, 'Undefined varia...', 'C:\\xampp\\htdocs...', 55, Array)
#1 C:\xampp\htdocs\project-restoran-ci4\revisi16-video47\system\View\View.php(246): include('C:\\xampp\\htdocs...')
#2 C:\xampp\htdocs\project-restoran-ci4\revisi16-video47\system\Common.php(1087): CodeIgniter\View\View->render('layout/login', Array, true)
#3 C:\xampp\htdocs\project-restoran-ci4\revisi16-video47\app\Controllers\Admin\AdminPage.php(67): view('layout/login', Array)
#4 C:\xampp\htdocs\project-restoran-ci4\revisi16-video47\system\CodeIgniter.php(914): App\Controllers\Admin\AdminPage->login()
#5 C:\xampp\htdocs\project-restoran-ci4\revisi16-video47\system\CodeIgniter.php(400): CodeIgniter\CodeIgniter->runController(Object(App\Controllers\Admin\AdminPage))
#6 C:\xampp\htdocs\project-restoran-ci4\revisi16-video47\system\CodeIgniter.php(308): CodeIgniter\CodeIgniter->handleRequest(NULL, Object(Config\Cache), false)
#7 C:\xampp\htdocs\project-restoran-ci4\revisi16-video47\public\index.php(45): CodeIgniter\CodeIgniter->run()
#8 C:\xampp\htdocs\project-restoran-ci4\revisi16-video47\system\Commands\Server\rewrite.php(34): require_once('C:\\xampp\\htdocs...')
#9 {main}
CRITICAL - 2022-12-17 13:14:28 --> Undefined variable: user
#0 C:\xampp\htdocs\project-restoran-ci4\revisi16-video47\app\Views\layout\template.php(29): CodeIgniter\Debug\Exceptions->errorHandler(8, 'Undefined varia...', 'C:\\xampp\\htdocs...', 29, Array)
#1 C:\xampp\htdocs\project-restoran-ci4\revisi16-video47\system\View\View.php(246): include('C:\\xampp\\htdocs...')
#2 C:\xampp\htdocs\project-restoran-ci4\revisi16-video47\system\Common.php(1087): CodeIgniter\View\View->render('layout/template', Array, true)
#3 C:\xampp\htdocs\project-restoran-ci4\revisi16-video47\app\Controllers\Admin\AdminPage.php(22): view('layout/template', Array)
#4 C:\xampp\htdocs\project-restoran-ci4\revisi16-video47\system\CodeIgniter.php(914): App\Controllers\Admin\AdminPage->index()
#5 C:\xampp\htdocs\project-restoran-ci4\revisi16-video47\system\CodeIgniter.php(400): CodeIgniter\CodeIgniter->runController(Object(App\Controllers\Admin\AdminPage))
#6 C:\xampp\htdocs\project-restoran-ci4\revisi16-video47\system\CodeIgniter.php(308): CodeIgniter\CodeIgniter->handleRequest(NULL, Object(Config\Cache), false)
#7 C:\xampp\htdocs\project-restoran-ci4\revisi16-video47\public\index.php(45): CodeIgniter\CodeIgniter->run()
#8 C:\xampp\htdocs\project-restoran-ci4\revisi16-video47\system\Commands\Server\rewrite.php(34): require_once('C:\\xampp\\htdocs...')
#9 {main}
CRITICAL - 2022-12-17 21:05:10 --> Cannot use isset() on the result of an expression (you can use "null !== expression" instead)
#0 [internal function]: CodeIgniter\Debug\Exceptions->shutdownHandler()
#1 {main}
CRITICAL - 2022-12-17 21:29:13 --> Undefined variable: loginError
#0 C:\xampp\htdocs\project-restoran-ci4\revisi16-video47\app\Controllers\Admin\AdminPage.php(60): CodeIgniter\Debug\Exceptions->errorHandler(8, 'Undefined varia...', 'C:\\xampp\\htdocs...', 60, Array)
#1 C:\xampp\htdocs\project-restoran-ci4\revisi16-video47\system\CodeIgniter.php(914): App\Controllers\Admin\AdminPage->login()
#2 C:\xampp\htdocs\project-restoran-ci4\revisi16-video47\system\CodeIgniter.php(400): CodeIgniter\CodeIgniter->runController(Object(App\Controllers\Admin\AdminPage))
#3 C:\xampp\htdocs\project-restoran-ci4\revisi16-video47\system\CodeIgniter.php(308): CodeIgniter\CodeIgniter->handleRequest(NULL, Object(Config\Cache), false)
#4 C:\xampp\htdocs\project-restoran-ci4\revisi16-video47\public\index.php(45): CodeIgniter\CodeIgniter->run()
#5 C:\xampp\htdocs\project-restoran-ci4\revisi16-video47\system\Commands\Server\rewrite.php(34): require_once('C:\\xampp\\htdocs...')
#6 {main}
CRITICAL - 2022-12-17 21:53:12 --> mysqli_num_rows() expects parameter 1 to be mysqli_result, array given
#0 [internal function]: CodeIgniter\Debug\Exceptions->errorHandler(2, 'mysqli_num_rows...', 'C:\\xampp\\htdocs...', 40, Array)
#1 C:\xampp\htdocs\project-restoran-ci4\revisi16-video47\app\Controllers\Admin\AdminPage.php(40): mysqli_num_rows(Array)
#2 C:\xampp\htdocs\project-restoran-ci4\revisi16-video47\system\CodeIgniter.php(914): App\Controllers\Admin\AdminPage->login()
#3 C:\xampp\htdocs\project-restoran-ci4\revisi16-video47\system\CodeIgniter.php(400): CodeIgniter\CodeIgniter->runController(Object(App\Controllers\Admin\AdminPage))
#4 C:\xampp\htdocs\project-restoran-ci4\revisi16-video47\system\CodeIgniter.php(308): CodeIgniter\CodeIgniter->handleRequest(NULL, Object(Config\Cache), false)
#5 C:\xampp\htdocs\project-restoran-ci4\revisi16-video47\public\index.php(45): CodeIgniter\CodeIgniter->run()
#6 C:\xampp\htdocs\project-restoran-ci4\revisi16-video47\system\Commands\Server\rewrite.php(34): require_once('C:\\xampp\\htdocs...')
#7 {main}
CRITICAL - 2022-12-17 21:57:28 --> syntax error, unexpected 'if' (T_IF)
#0 C:\xampp\htdocs\project-restoran-ci4\revisi16-video47\system\Router\Router.php(192): CodeIgniter\Router\Router->autoRoute('admin/adminpage...')
#1 C:\xampp\htdocs\project-restoran-ci4\revisi16-video47\system\CodeIgniter.php(789): CodeIgniter\Router\Router->handle('admin/adminpage...')
#2 C:\xampp\htdocs\project-restoran-ci4\revisi16-video47\system\CodeIgniter.php(360): CodeIgniter\CodeIgniter->tryToRouteIt(Object(CodeIgniter\Router\RouteCollection))
#3 C:\xampp\htdocs\project-restoran-ci4\revisi16-video47\system\CodeIgniter.php(308): CodeIgniter\CodeIgniter->handleRequest(NULL, Object(Config\Cache), false)
#4 C:\xampp\htdocs\project-restoran-ci4\revisi16-video47\public\index.php(45): CodeIgniter\CodeIgniter->run()
#5 C:\xampp\htdocs\project-restoran-ci4\revisi16-video47\system\Commands\Server\rewrite.php(34): require_once('C:\\xampp\\htdocs...')
#6 {main}
CRITICAL - 2022-12-17 21:57:42 --> syntax error, unexpected 'if' (T_IF)
#0 C:\xampp\htdocs\project-restoran-ci4\revisi16-video47\system\Router\Router.php(192): CodeIgniter\Router\Router->autoRoute('admin/adminpage...')
#1 C:\xampp\htdocs\project-restoran-ci4\revisi16-video47\system\CodeIgniter.php(789): CodeIgniter\Router\Router->handle('admin/adminpage...')
#2 C:\xampp\htdocs\project-restoran-ci4\revisi16-video47\system\CodeIgniter.php(360): CodeIgniter\CodeIgniter->tryToRouteIt(Object(CodeIgniter\Router\RouteCollection))
#3 C:\xampp\htdocs\project-restoran-ci4\revisi16-video47\system\CodeIgniter.php(308): CodeIgniter\CodeIgniter->handleRequest(NULL, Object(Config\Cache), false)
#4 C:\xampp\htdocs\project-restoran-ci4\revisi16-video47\public\index.php(45): CodeIgniter\CodeIgniter->run()
#5 C:\xampp\htdocs\project-restoran-ci4\revisi16-video47\system\Commands\Server\rewrite.php(34): require_once('C:\\xampp\\htdocs...')
#6 {main}
CRITICAL - 2022-12-17 22:01:53 --> syntax error, unexpected end of file, expecting function (T_FUNCTION) or const (T_CONST)
#0 C:\xampp\htdocs\project-restoran-ci4\revisi16-video47\system\Router\Router.php(192): CodeIgniter\Router\Router->autoRoute('admin/adminpage...')
#1 C:\xampp\htdocs\project-restoran-ci4\revisi16-video47\system\CodeIgniter.php(789): CodeIgniter\Router\Router->handle('admin/adminpage...')
#2 C:\xampp\htdocs\project-restoran-ci4\revisi16-video47\system\CodeIgniter.php(360): CodeIgniter\CodeIgniter->tryToRouteIt(Object(CodeIgniter\Router\RouteCollection))
#3 C:\xampp\htdocs\project-restoran-ci4\revisi16-video47\system\CodeIgniter.php(308): CodeIgniter\CodeIgniter->handleRequest(NULL, Object(Config\Cache), false)
#4 C:\xampp\htdocs\project-restoran-ci4\revisi16-video47\public\index.php(45): CodeIgniter\CodeIgniter->run()
#5 C:\xampp\htdocs\project-restoran-ci4\revisi16-video47\system\Commands\Server\rewrite.php(34): require_once('C:\\xampp\\htdocs...')
#6 {main}
CRITICAL - 2022-12-17 23:24:05 --> syntax error, unexpected '}', expecting ';'
#0 C:\xampp\htdocs\project-restoran-ci4\revisi16-video47\system\Autoloader\Autoloader.php(296): CodeIgniter\Autoloader\Autoloader->requireFile('C:\\xampp\\htdocs...')
#1 C:\xampp\htdocs\project-restoran-ci4\revisi16-video47\system\Autoloader\Autoloader.php(258): CodeIgniter\Autoloader\Autoloader->loadInNamespace('App\\Controllers...')
#2 [internal function]: CodeIgniter\Autoloader\Autoloader->loadClass('App\\Controllers...')
#3 [internal function]: spl_autoload_call('App\\Controllers...')
#4 C:\xampp\htdocs\project-restoran-ci4\revisi16-video47\system\CodeIgniter.php(865): class_exists('\\App\\Controller...', true)
#5 C:\xampp\htdocs\project-restoran-ci4\revisi16-video47\system\CodeIgniter.php(390): CodeIgniter\CodeIgniter->startController()
#6 C:\xampp\htdocs\project-restoran-ci4\revisi16-video47\system\CodeIgniter.php(308): CodeIgniter\CodeIgniter->handleRequest(NULL, Object(Config\Cache), false)
#7 C:\xampp\htdocs\project-restoran-ci4\revisi16-video47\public\index.php(45): CodeIgniter\CodeIgniter->run()
#8 C:\xampp\htdocs\project-restoran-ci4\revisi16-video47\system\Commands\Server\rewrite.php(34): require_once('C:\\xampp\\htdocs...')
#9 {main}
CRITICAL - 2022-12-17 23:24:28 --> Call to undefined method CodeIgniter\Session\Session::destory()
#0 C:\xampp\htdocs\project-restoran-ci4\revisi16-video47\system\CodeIgniter.php(914): App\Controllers\Admin\AdminPage->logout()
#1 C:\xampp\htdocs\project-restoran-ci4\revisi16-video47\system\CodeIgniter.php(400): CodeIgniter\CodeIgniter->runController(Object(App\Controllers\Admin\AdminPage))
#2 C:\xampp\htdocs\project-restoran-ci4\revisi16-video47\system\CodeIgniter.php(308): CodeIgniter\CodeIgniter->handleRequest(NULL, Object(Config\Cache), false)
#3 C:\xampp\htdocs\project-restoran-ci4\revisi16-video47\public\index.php(45): CodeIgniter\CodeIgniter->run()
#4 C:\xampp\htdocs\project-restoran-ci4\revisi16-video47\system\Commands\Server\rewrite.php(34): require_once('C:\\xampp\\htdocs...')
#5 {main}
CRITICAL - 2022-12-17 23:31:59 --> syntax error, unexpected '$routes' (T_VARIABLE)
#0 C:\xampp\htdocs\project-restoran-ci4\revisi16-video47\system\CodeIgniter.php(360): CodeIgniter\CodeIgniter->tryToRouteIt(NULL)
#1 C:\xampp\htdocs\project-restoran-ci4\revisi16-video47\system\CodeIgniter.php(308): CodeIgniter\CodeIgniter->handleRequest(NULL, Object(Config\Cache), false)
#2 C:\xampp\htdocs\project-restoran-ci4\revisi16-video47\public\index.php(45): CodeIgniter\CodeIgniter->run()
#3 C:\xampp\htdocs\project-restoran-ci4\revisi16-video47\system\Commands\Server\rewrite.php(34): require_once('C:\\xampp\\htdocs...')
#4 {main}
