CRITICAL - 2022-11-14 04:19:01 --> Invalid file: {0}
#0 C:\xampp\htdocs\project-restoran-ci4\system\View\View.php(228): CodeIgniter\Exceptions\FrameworkException::forInvalidFile('kategori/select...')
#1 C:\xampp\htdocs\project-restoran-ci4\system\Common.php(1087): CodeIgniter\View\View->render('kategori/select', Array, true)
#2 C:\xampp\htdocs\project-restoran-ci4\app\Controllers\Admin\Kategori.php(23): view('kategori/select', Array)
#3 C:\xampp\htdocs\project-restoran-ci4\system\CodeIgniter.php(914): App\Controllers\Admin\Kategori->index()
#4 C:\xampp\htdocs\project-restoran-ci4\system\CodeIgniter.php(400): CodeIgniter\CodeIgniter->runController(Object(App\Controllers\Admin\Kategori))
#5 C:\xampp\htdocs\project-restoran-ci4\system\CodeIgniter.php(308): CodeIgniter\CodeIgniter->handleRequest(NULL, Object(Config\Cache), false)
#6 C:\xampp\htdocs\project-restoran-ci4\public\index.php(45): CodeIgniter\CodeIgniter->run()
#7 C:\xampp\htdocs\project-restoran-ci4\system\Commands\Server\rewrite.php(34): require_once('C:\\xampp\\htdocs...')
#8 {main}
CRITICAL - 2022-11-14 04:19:09 --> Invalid file: {0}
#0 C:\xampp\htdocs\project-restoran-ci4\system\View\View.php(228): CodeIgniter\Exceptions\FrameworkException::forInvalidFile('kategori/select...')
#1 C:\xampp\htdocs\project-restoran-ci4\system\Common.php(1087): CodeIgniter\View\View->render('kategori/select', Array, true)
#2 C:\xampp\htdocs\project-restoran-ci4\app\Controllers\Admin\Kategori.php(23): view('kategori/select', Array)
#3 C:\xampp\htdocs\project-restoran-ci4\system\CodeIgniter.php(914): App\Controllers\Admin\Kategori->index()
#4 C:\xampp\htdocs\project-restoran-ci4\system\CodeIgniter.php(400): CodeIgniter\CodeIgniter->runController(Object(App\Controllers\Admin\Kategori))
#5 C:\xampp\htdocs\project-restoran-ci4\system\CodeIgniter.php(308): CodeIgniter\CodeIgniter->handleRequest(NULL, Object(Config\Cache), false)
#6 C:\xampp\htdocs\project-restoran-ci4\public\index.php(45): CodeIgniter\CodeIgniter->run()
#7 C:\xampp\htdocs\project-restoran-ci4\system\Commands\Server\rewrite.php(34): require_once('C:\\xampp\\htdocs...')
#8 {main}
CRITICAL - 2022-11-14 04:19:11 --> Invalid file: {0}
#0 C:\xampp\htdocs\project-restoran-ci4\system\View\View.php(228): CodeIgniter\Exceptions\FrameworkException::forInvalidFile('kategori/select...')
#1 C:\xampp\htdocs\project-restoran-ci4\system\Common.php(1087): CodeIgniter\View\View->render('kategori/select', Array, true)
#2 C:\xampp\htdocs\project-restoran-ci4\app\Controllers\Admin\Kategori.php(23): view('kategori/select', Array)
#3 C:\xampp\htdocs\project-restoran-ci4\system\CodeIgniter.php(914): App\Controllers\Admin\Kategori->index()
#4 C:\xampp\htdocs\project-restoran-ci4\system\CodeIgniter.php(400): CodeIgniter\CodeIgniter->runController(Object(App\Controllers\Admin\Kategori))
#5 C:\xampp\htdocs\project-restoran-ci4\system\CodeIgniter.php(308): CodeIgniter\CodeIgniter->handleRequest(NULL, Object(Config\Cache), false)
#6 C:\xampp\htdocs\project-restoran-ci4\public\index.php(45): CodeIgniter\CodeIgniter->run()
#7 C:\xampp\htdocs\project-restoran-ci4\system\Commands\Server\rewrite.php(34): require_once('C:\\xampp\\htdocs...')
#8 {main}
CRITICAL - 2022-11-14 04:23:37 --> Invalid file: {0}
#0 C:\xampp\htdocs\project-restoran-ci4\system\View\View.php(228): CodeIgniter\Exceptions\FrameworkException::forInvalidFile('kategori/select...')
#1 C:\xampp\htdocs\project-restoran-ci4\system\Common.php(1087): CodeIgniter\View\View->render('kategori/select', Array, true)
#2 C:\xampp\htdocs\project-restoran-ci4\app\Controllers\Admin\Kategori.php(23): view('kategori/select', Array)
#3 C:\xampp\htdocs\project-restoran-ci4\system\CodeIgniter.php(914): App\Controllers\Admin\Kategori->index()
#4 C:\xampp\htdocs\project-restoran-ci4\system\CodeIgniter.php(400): CodeIgniter\CodeIgniter->runController(Object(App\Controllers\Admin\Kategori))
#5 C:\xampp\htdocs\project-restoran-ci4\system\CodeIgniter.php(308): CodeIgniter\CodeIgniter->handleRequest(NULL, Object(Config\Cache), false)
#6 C:\xampp\htdocs\project-restoran-ci4\public\index.php(45): CodeIgniter\CodeIgniter->run()
#7 C:\xampp\htdocs\project-restoran-ci4\system\Commands\Server\rewrite.php(34): require_once('C:\\xampp\\htdocs...')
#8 {main}
CRITICAL - 2022-11-14 04:24:30 --> Invalid file: {0}
#0 C:\xampp\htdocs\project-restoran-ci4\system\View\View.php(228): CodeIgniter\Exceptions\FrameworkException::forInvalidFile('kategori/select...')
#1 C:\xampp\htdocs\project-restoran-ci4\system\Common.php(1087): CodeIgniter\View\View->render('kategori/select', Array, true)
#2 C:\xampp\htdocs\project-restoran-ci4\app\Controllers\Admin\Kategori.php(23): view('kategori/select', Array)
#3 C:\xampp\htdocs\project-restoran-ci4\system\CodeIgniter.php(914): App\Controllers\Admin\Kategori->index()
#4 C:\xampp\htdocs\project-restoran-ci4\system\CodeIgniter.php(400): CodeIgniter\CodeIgniter->runController(Object(App\Controllers\Admin\Kategori))
#5 C:\xampp\htdocs\project-restoran-ci4\system\CodeIgniter.php(308): CodeIgniter\CodeIgniter->handleRequest(NULL, Object(Config\Cache), false)
#6 C:\xampp\htdocs\project-restoran-ci4\public\index.php(45): CodeIgniter\CodeIgniter->run()
#7 C:\xampp\htdocs\project-restoran-ci4\system\Commands\Server\rewrite.php(34): require_once('C:\\xampp\\htdocs...')
#8 {main}
CRITICAL - 2022-11-14 04:49:46 --> Undefined index: keterangan
#0 C:\xampp\htdocs\project-restoran-ci4\app\Views\kategori\index.php(21): CodeIgniter\Debug\Exceptions->errorHandler(8, 'Undefined index...', 'C:\\xampp\\htdocs...', 21, Array)
#1 C:\xampp\htdocs\project-restoran-ci4\system\View\View.php(246): include('C:\\xampp\\htdocs...')
#2 C:\xampp\htdocs\project-restoran-ci4\system\Common.php(1087): CodeIgniter\View\View->render('kategori/index', Array, true)
#3 C:\xampp\htdocs\project-restoran-ci4\app\Controllers\Admin\Kategori.php(21): view('kategori/index', Array)
#4 C:\xampp\htdocs\project-restoran-ci4\system\CodeIgniter.php(914): App\Controllers\Admin\Kategori->index()
#5 C:\xampp\htdocs\project-restoran-ci4\system\CodeIgniter.php(400): CodeIgniter\CodeIgniter->runController(Object(App\Controllers\Admin\Kategori))
#6 C:\xampp\htdocs\project-restoran-ci4\system\CodeIgniter.php(308): CodeIgniter\CodeIgniter->handleRequest(NULL, Object(Config\Cache), false)
#7 C:\xampp\htdocs\project-restoran-ci4\public\index.php(45): CodeIgniter\CodeIgniter->run()
#8 C:\xampp\htdocs\project-restoran-ci4\system\Commands\Server\rewrite.php(34): require_once('C:\\xampp\\htdocs...')
#9 {main}
CRITICAL - 2022-11-14 04:53:42 --> Undefined index: keterangan
#0 C:\xampp\htdocs\project-restoran-ci4\app\Views\kategori\index.php(21): CodeIgniter\Debug\Exceptions->errorHandler(8, 'Undefined index...', 'C:\\xampp\\htdocs...', 21, Array)
#1 C:\xampp\htdocs\project-restoran-ci4\system\View\View.php(246): include('C:\\xampp\\htdocs...')
#2 C:\xampp\htdocs\project-restoran-ci4\system\Common.php(1087): CodeIgniter\View\View->render('kategori/index', Array, true)
#3 C:\xampp\htdocs\project-restoran-ci4\app\Controllers\Admin\Kategori.php(21): view('kategori/index', Array)
#4 C:\xampp\htdocs\project-restoran-ci4\system\CodeIgniter.php(914): App\Controllers\Admin\Kategori->index()
#5 C:\xampp\htdocs\project-restoran-ci4\system\CodeIgniter.php(400): CodeIgniter\CodeIgniter->runController(Object(App\Controllers\Admin\Kategori))
#6 C:\xampp\htdocs\project-restoran-ci4\system\CodeIgniter.php(308): CodeIgniter\CodeIgniter->handleRequest(NULL, Object(Config\Cache), false)
#7 C:\xampp\htdocs\project-restoran-ci4\public\index.php(45): CodeIgniter\CodeIgniter->run()
#8 C:\xampp\htdocs\project-restoran-ci4\system\Commands\Server\rewrite.php(34): require_once('C:\\xampp\\htdocs...')
#9 {main}
CRITICAL - 2022-11-14 04:54:43 --> Undefined variable: data
#0 C:\xampp\htdocs\project-restoran-ci4\app\Views\kategori\index.php(7): CodeIgniter\Debug\Exceptions->errorHandler(8, 'Undefined varia...', 'C:\\xampp\\htdocs...', 7, Array)
#1 C:\xampp\htdocs\project-restoran-ci4\system\View\View.php(246): include('C:\\xampp\\htdocs...')
#2 C:\xampp\htdocs\project-restoran-ci4\system\Common.php(1087): CodeIgniter\View\View->render('kategori/index', Array, true)
#3 C:\xampp\htdocs\project-restoran-ci4\app\Controllers\Admin\Kategori.php(21): view('kategori/index', Array)
#4 C:\xampp\htdocs\project-restoran-ci4\system\CodeIgniter.php(914): App\Controllers\Admin\Kategori->index()
#5 C:\xampp\htdocs\project-restoran-ci4\system\CodeIgniter.php(400): CodeIgniter\CodeIgniter->runController(Object(App\Controllers\Admin\Kategori))
#6 C:\xampp\htdocs\project-restoran-ci4\system\CodeIgniter.php(308): CodeIgniter\CodeIgniter->handleRequest(NULL, Object(Config\Cache), false)
#7 C:\xampp\htdocs\project-restoran-ci4\public\index.php(45): CodeIgniter\CodeIgniter->run()
#8 C:\xampp\htdocs\project-restoran-ci4\system\Commands\Server\rewrite.php(34): require_once('C:\\xampp\\htdocs...')
#9 {main}
CRITICAL - 2022-11-14 05:03:43 --> Undefined index: keterangan
#0 C:\xampp\htdocs\project-restoran-ci4\app\Views\kategori\index.php(21): CodeIgniter\Debug\Exceptions->errorHandler(8, 'Undefined index...', 'C:\\xampp\\htdocs...', 21, Array)
#1 C:\xampp\htdocs\project-restoran-ci4\system\View\View.php(246): include('C:\\xampp\\htdocs...')
#2 C:\xampp\htdocs\project-restoran-ci4\system\Common.php(1087): CodeIgniter\View\View->render('kategori/index', Array, true)
#3 C:\xampp\htdocs\project-restoran-ci4\app\Controllers\Admin\Kategori.php(21): view('kategori/index', Array)
#4 C:\xampp\htdocs\project-restoran-ci4\system\CodeIgniter.php(914): App\Controllers\Admin\Kategori->index()
#5 C:\xampp\htdocs\project-restoran-ci4\system\CodeIgniter.php(400): CodeIgniter\CodeIgniter->runController(Object(App\Controllers\Admin\Kategori))
#6 C:\xampp\htdocs\project-restoran-ci4\system\CodeIgniter.php(308): CodeIgniter\CodeIgniter->handleRequest(NULL, Object(Config\Cache), false)
#7 C:\xampp\htdocs\project-restoran-ci4\public\index.php(45): CodeIgniter\CodeIgniter->run()
#8 C:\xampp\htdocs\project-restoran-ci4\system\Commands\Server\rewrite.php(34): require_once('C:\\xampp\\htdocs...')
#9 {main}
CRITICAL - 2022-11-14 05:18:41 --> syntax error, unexpected ';', expecting ')'
#0 C:\xampp\htdocs\project-restoran-ci4\system\Router\Router.php(192): CodeIgniter\Router\Router->autoRoute('admin/kategori/...')
#1 C:\xampp\htdocs\project-restoran-ci4\system\CodeIgniter.php(789): CodeIgniter\Router\Router->handle('admin/kategori/...')
#2 C:\xampp\htdocs\project-restoran-ci4\system\CodeIgniter.php(360): CodeIgniter\CodeIgniter->tryToRouteIt(Object(CodeIgniter\Router\RouteCollection))
#3 C:\xampp\htdocs\project-restoran-ci4\system\CodeIgniter.php(308): CodeIgniter\CodeIgniter->handleRequest(NULL, Object(Config\Cache), false)
#4 C:\xampp\htdocs\project-restoran-ci4\public\index.php(45): CodeIgniter\CodeIgniter->run()
#5 C:\xampp\htdocs\project-restoran-ci4\system\Commands\Server\rewrite.php(34): require_once('C:\\xampp\\htdocs...')
#6 {main}
CRITICAL - 2022-11-14 05:27:57 --> Call to a member function save() on null
#0 C:\xampp\htdocs\project-restoran-ci4\system\CodeIgniter.php(914): App\Controllers\Admin\Kategori->save()
#1 C:\xampp\htdocs\project-restoran-ci4\system\CodeIgniter.php(400): CodeIgniter\CodeIgniter->runController(Object(App\Controllers\Admin\Kategori))
#2 C:\xampp\htdocs\project-restoran-ci4\system\CodeIgniter.php(308): CodeIgniter\CodeIgniter->handleRequest(NULL, Object(Config\Cache), false)
#3 C:\xampp\htdocs\project-restoran-ci4\public\index.php(45): CodeIgniter\CodeIgniter->run()
#4 C:\xampp\htdocs\project-restoran-ci4\system\Commands\Server\rewrite.php(34): require_once('C:\\xampp\\htdocs...')
#5 {main}
CRITICAL - 2022-11-14 05:30:33 --> Call to a member function save() on null
#0 C:\xampp\htdocs\project-restoran-ci4\system\CodeIgniter.php(914): App\Controllers\Admin\Kategori->save()
#1 C:\xampp\htdocs\project-restoran-ci4\system\CodeIgniter.php(400): CodeIgniter\CodeIgniter->runController(Object(App\Controllers\Admin\Kategori))
#2 C:\xampp\htdocs\project-restoran-ci4\system\CodeIgniter.php(308): CodeIgniter\CodeIgniter->handleRequest(NULL, Object(Config\Cache), false)
#3 C:\xampp\htdocs\project-restoran-ci4\public\index.php(45): CodeIgniter\CodeIgniter->run()
#4 C:\xampp\htdocs\project-restoran-ci4\system\Commands\Server\rewrite.php(34): require_once('C:\\xampp\\htdocs...')
#5 {main}
CRITICAL - 2022-11-14 05:30:42 --> Call to a member function findAll() on null
#0 C:\xampp\htdocs\project-restoran-ci4\system\CodeIgniter.php(914): App\Controllers\Admin\Kategori->index()
#1 C:\xampp\htdocs\project-restoran-ci4\system\CodeIgniter.php(400): CodeIgniter\CodeIgniter->runController(Object(App\Controllers\Admin\Kategori))
#2 C:\xampp\htdocs\project-restoran-ci4\system\CodeIgniter.php(308): CodeIgniter\CodeIgniter->handleRequest(NULL, Object(Config\Cache), false)
#3 C:\xampp\htdocs\project-restoran-ci4\public\index.php(45): CodeIgniter\CodeIgniter->run()
#4 C:\xampp\htdocs\project-restoran-ci4\system\Commands\Server\rewrite.php(34): require_once('C:\\xampp\\htdocs...')
#5 {main}
CRITICAL - 2022-11-14 05:31:15 --> Call to a member function findAll() on null
#0 C:\xampp\htdocs\project-restoran-ci4\system\CodeIgniter.php(914): App\Controllers\Admin\Kategori->index()
#1 C:\xampp\htdocs\project-restoran-ci4\system\CodeIgniter.php(400): CodeIgniter\CodeIgniter->runController(Object(App\Controllers\Admin\Kategori))
#2 C:\xampp\htdocs\project-restoran-ci4\system\CodeIgniter.php(308): CodeIgniter\CodeIgniter->handleRequest(NULL, Object(Config\Cache), false)
#3 C:\xampp\htdocs\project-restoran-ci4\public\index.php(45): CodeIgniter\CodeIgniter->run()
#4 C:\xampp\htdocs\project-restoran-ci4\system\Commands\Server\rewrite.php(34): require_once('C:\\xampp\\htdocs...')
#5 {main}
