CRITICAL - 2022-11-29 19:53:34 --> No connection could be made because the target machine actively refused it.

#0 C:\xampp\htdocs\project-restoran-ci4\revisi01-video11-20\system\Database\BaseConnection.php(377): CodeIgniter\Database\MySQLi\Connection->connect(false)
#1 C:\xampp\htdocs\project-restoran-ci4\revisi01-video11-20\system\Database\BaseConnection.php(643): CodeIgniter\Database\BaseConnection->initialize()
#2 C:\xampp\htdocs\project-restoran-ci4\revisi01-video11-20\system\Database\BaseBuilder.php(1845): CodeIgniter\Database\BaseConnection->query('SELECT *\nFROM `...', Array, false)
#3 C:\xampp\htdocs\project-restoran-ci4\revisi01-video11-20\system\Model.php(445): CodeIgniter\Database\BaseBuilder->get()
#4 C:\xampp\htdocs\project-restoran-ci4\revisi01-video11-20\app\Controllers\Admin\Kategori.php(21): CodeIgniter\Model->findAll()
#5 C:\xampp\htdocs\project-restoran-ci4\revisi01-video11-20\system\CodeIgniter.php(914): App\Controllers\Admin\Kategori->index()
#6 C:\xampp\htdocs\project-restoran-ci4\revisi01-video11-20\system\CodeIgniter.php(400): CodeIgniter\CodeIgniter->runController(Object(App\Controllers\Admin\Kategori))
#7 C:\xampp\htdocs\project-restoran-ci4\revisi01-video11-20\system\CodeIgniter.php(308): CodeIgniter\CodeIgniter->handleRequest(NULL, Object(Config\Cache), false)
#8 C:\xampp\htdocs\project-restoran-ci4\revisi01-video11-20\public\index.php(45): CodeIgniter\CodeIgniter->run()
#9 C:\xampp\htdocs\project-restoran-ci4\revisi01-video11-20\system\Commands\Server\rewrite.php(34): require_once('C:\\xampp\\htdocs...')
#10 {main}
CRITICAL - 2022-11-29 19:53:35 --> Uncaught ErrorException: print_r(): Property access is not allowed yet in C:\xampp\htdocs\project-restoran-ci4\revisi01-video11-20\app\Views\errors\html\error_exception.php:100
Stack trace:
#0 [internal function]: CodeIgniter\Debug\Exceptions->errorHandler(2, 'print_r(): Prop...', 'C:\\xampp\\htdocs...', 100, Array)
#1 C:\xampp\htdocs\project-restoran-ci4\revisi01-video11-20\app\Views\errors\html\error_exception.php(100): print_r(Object(App\Controllers\Admin\Kategori), true)
#2 C:\xampp\htdocs\project-restoran-ci4\revisi01-video11-20\system\Debug\Exceptions.php(299): include('C:\\xampp\\htdocs...')
#3 C:\xampp\htdocs\project-restoran-ci4\revisi01-video11-20\system\Debug\Exceptions.php(172): CodeIgniter\Debug\Exceptions->render(Object(mysqli_sql_exception), 500)
#4 [internal function]: CodeIgniter\Debug\Exceptions->exceptionHandler(Object(mysqli_sql_exception))
#5 {main}
  thrown
#0 [internal function]: CodeIgniter\Debug\Exceptions->shutdownHandler()
#1 {main}
